# JRE version: OpenJDK Runtime Environment (8.0_202-b03) (build 1.8.0_202-release-1483-b03)
# Java VM: OpenJDK 64-Bit Server VM (25.202-b03 mixed mode windows-amd64 compressed oops)
Heap:
 PSYoungGen      total 182784K, used 12341K [0x00000000e0000000, 0x00000000ed080000, 0x0000000100000000)
  eden space 163328K, 7% used [0x00000000e0000000,0x00000000e0c0d7b0,0x00000000e9f80000)
  from space 19456K, 0% used [0x00000000eb280000,0x00000000eb280000,0x00000000ec580000)
  to   space 19456K, 0% used [0x00000000e9f80000,0x00000000e9f80000,0x00000000eb280000)
 ParOldGen       total 96256K, used 32336K [0x00000000a0000000, 0x00000000a5e00000, 0x00000000e0000000)
  object space 96256K, 33% used [0x00000000a0000000,0x00000000a1f94058,0x00000000a5e00000)
 Metaspace       used 57956K, capacity 59538K, committed 59736K, reserved 1101824K
  class space    used 7856K, capacity 8274K, committed 8320K, reserved 1048576K
GC Heap History (10 events):
Event: 6.036 GC heap before
{Heap before GC invocations=11 (full 2):
 PSYoungGen      total 117248K, used 10747K [0x00000000e0000000, 0x00000000ea900000, 0x0000000100000000)
  eden space 106496K, 0% used [0x00000000e0000000,0x00000000e0000000,0x00000000e6800000)
  from space 10752K, 99% used [0x00000000e6800000,0x00000000e727ed38,0x00000000e7280000)
  to   space 13312K, 0% used [0x00000000e9c00000,0x00000000e9c00000,0x00000000ea900000)
 ParOldGen       total 58368K, used 10816K [0x00000000a0000000, 0x00000000a3900000, 0x00000000e0000000)
  object space 58368K, 18% used [0x00000000a0000000,0x00000000a0a901e0,0x00000000a3900000)
 Metaspace       used 34553K, capacity 35288K, committed 35416K, reserved 1079296K
  class space    used 4747K, capacity 4969K, committed 4992K, reserved 1048576K
Event: 6.155 GC heap after
Heap after GC invocations=11 (full 2):
 PSYoungGen      total 117248K, used 0K [0x00000000e0000000, 0x00000000ea900000, 0x0000000100000000)
  eden space 106496K, 0% used [0x00000000e0000000,0x00000000e0000000,0x00000000e6800000)
  from space 10752K, 0% used [0x00000000e6800000,0x00000000e6800000,0x00000000e7280000)
  to   space 13312K, 0% used [0x00000000e9c00000,0x00000000e9c00000,0x00000000ea900000)
 ParOldGen       total 96256K, used 20175K [0x00000000a0000000, 0x00000000a5e00000, 0x00000000e0000000)
  object space 96256K, 20% used [0x00000000a0000000,0x00000000a13b3f68,0x00000000a5e00000)
 Metaspace       used 34546K, capacity 35264K, committed 35416K, reserved 1079296K
  class space    used 4745K, capacity 4965K, committed 4992K, reserved 1048576K
}
Event: 8.022 GC heap before
{Heap before GC invocations=12 (full 2):
 PSYoungGen      total 117248K, used 106496K [0x00000000e0000000, 0x00000000ea900000, 0x0000000100000000)
  eden space 106496K, 100% used [0x00000000e0000000,0x00000000e6800000,0x00000000e6800000)
  from space 10752K, 0% used [0x00000000e6800000,0x00000000e6800000,0x00000000e7280000)
  to   space 13312K, 0% used [0x00000000e9c00000,0x00000000e9c00000,0x00000000ea900000)
 ParOldGen       total 96256K, used 20175K [0x00000000a0000000, 0x00000000a5e00000, 0x00000000e0000000)
  object space 96256K, 20% used [0x00000000a0000000,0x00000000a13b3f68,0x00000000a5e00000)
 Metaspace       used 45444K, capacity 46350K, committed 46552K, reserved 1089536K
  class space    used 6090K, capacity 6351K, committed 6400K, reserved 1048576K
Event: 8.035 GC heap after
Heap after GC invocations=12 (full 2):
 PSYoungGen      total 145408K, used 13303K [0x00000000e0000000, 0x00000000ea900000, 0x0000000100000000)
  eden space 132096K, 0% used [0x00000000e0000000,0x00000000e0000000,0x00000000e8100000)
  from space 13312K, 99% used [0x00000000e9c00000,0x00000000ea8fdc80,0x00000000ea900000)
  to   space 14848K, 0% used [0x00000000e8c00000,0x00000000e8c00000,0x00000000e9a80000)
 ParOldGen       total 96256K, used 21233K [0x00000000a0000000, 0x00000000a5e00000, 0x00000000e0000000)
  object space 96256K, 22% used [0x00000000a0000000,0x00000000a14bc570,0x00000000a5e00000)
 Metaspace       used 45444K, capacity 46350K, committed 46552K, reserved 1089536K
  class space    used 6090K, capacity 6351K, committed 6400K, reserved 1048576K
}
Event: 11.040 GC heap before
{Heap before GC invocations=13 (full 2):
 PSYoungGen      total 145408K, used 145399K [0x00000000e0000000, 0x00000000ea900000, 0x0000000100000000)
  eden space 132096K, 100% used [0x00000000e0000000,0x00000000e8100000,0x00000000e8100000)
  from space 13312K, 99% used [0x00000000e9c00000,0x00000000ea8fdc80,0x00000000ea900000)
  to   space 14848K, 0% used [0x00000000e8c00000,0x00000000e8c00000,0x00000000e9a80000)
 ParOldGen       total 96256K, used 21233K [0x00000000a0000000, 0x00000000a5e00000, 0x00000000e0000000)
  object space 96256K, 22% used [0x00000000a0000000,0x00000000a14bc570,0x00000000a5e00000)
 Metaspace       used 55644K, capacity 57220K, committed 57304K, reserved 1099776K
  class space    used 7482K, capacity 7903K, committed 7936K, reserved 1048576K
Event: 11.089 GC heap after
Heap after GC invocations=13 (full 2):
 PSYoungGen      total 158208K, used 14846K [0x00000000e0000000, 0x00000000ec580000, 0x0000000100000000)
  eden space 143360K, 0% used [0x00000000e0000000,0x00000000e0000000,0x00000000e8c00000)
  from space 14848K, 99% used [0x00000000e8c00000,0x00000000e9a7f910,0x00000000e9a80000)
  to   space 19456K, 0% used [0x00000000eb280000,0x00000000eb280000,0x00000000ec580000)
 ParOldGen       total 96256K, used 27607K [0x00000000a0000000, 0x00000000a5e00000, 0x00000000e0000000)
  object space 96256K, 28% used [0x00000000a0000000,0x00000000a1af5dc0,0x00000000a5e00000)
 Metaspace       used 55644K, capacity 57220K, committed 57304K, reserved 1099776K
  class space    used 7482K, capacity 7903K, committed 7936K, reserved 1048576K
}
Event: 13.387 GC heap before
{Heap before GC invocations=14 (full 2):
 PSYoungGen      total 158208K, used 39798K [0x00000000e0000000, 0x00000000ec580000, 0x0000000100000000)
  eden space 143360K, 17% used [0x00000000e0000000,0x00000000e185e240,0x00000000e8c00000)
  from space 14848K, 99% used [0x00000000e8c00000,0x00000000e9a7f910,0x00000000e9a80000)
  to   space 19456K, 0% used [0x00000000eb280000,0x00000000eb280000,0x00000000ec580000)
 ParOldGen       total 96256K, used 27607K [0x00000000a0000000, 0x00000000a5e00000, 0x00000000e0000000)
  object space 96256K, 28% used [0x00000000a0000000,0x00000000a1af5dc0,0x00000000a5e00000)
 Metaspace       used 57447K, capacity 58962K, committed 59028K, reserved 1099776K
  class space    used 7771K, capacity 8172K, committed 8192K, reserved 1048576K
Event: 13.411 GC heap after
Heap after GC invocations=14 (full 2):
 PSYoungGen      total 182784K, used 2200K [0x00000000e0000000, 0x00000000ed080000, 0x0000000100000000)
  eden space 163328K, 0% used [0x00000000e0000000,0x00000000e0000000,0x00000000e9f80000)
  from space 19456K, 11% used [0x00000000eb280000,0x00000000eb4a6358,0x00000000ec580000)
  to   space 19456K, 0% used [0x00000000e9f80000,0x00000000e9f80000,0x00000000eb280000)
 ParOldGen       total 96256K, used 34382K [0x00000000a0000000, 0x00000000a5e00000, 0x00000000e0000000)
  object space 96256K, 35% used [0x00000000a0000000,0x00000000a2193ab8,0x00000000a5e00000)
 Metaspace       used 57447K, capacity 58962K, committed 59028K, reserved 1099776K
  class space    used 7771K, capacity 8172K, committed 8192K, reserved 1048576K
}
Event: 13.411 GC heap before
{Heap before GC invocations=15 (full 3):
 PSYoungGen      total 182784K, used 2200K [0x00000000e0000000, 0x00000000ed080000, 0x0000000100000000)
  eden space 163328K, 0% used [0x00000000e0000000,0x00000000e0000000,0x00000000e9f80000)
  from space 19456K, 11% used [0x00000000eb280000,0x00000000eb4a6358,0x00000000ec580000)
  to   space 19456K, 0% used [0x00000000e9f80000,0x00000000e9f80000,0x00000000eb280000)
 ParOldGen       total 96256K, used 34382K [0x00000000a0000000, 0x00000000a5e00000, 0x00000000e0000000)
  object space 96256K, 35% used [0x00000000a0000000,0x00000000a2193ab8,0x00000000a5e00000)
 Metaspace       used 57447K, capacity 58962K, committed 59028K, reserved 1099776K
  class space    used 7771K, capacity 8172K, committed 8192K, reserved 1048576K
Event: 13.692 GC heap after
Heap after GC invocations=15 (full 3):
 PSYoungGen      total 182784K, used 0K [0x00000000e0000000, 0x00000000ed080000, 0x0000000100000000)
  eden space 163328K, 0% used [0x00000000e0000000,0x00000000e0000000,0x00000000e9f80000)
  from space 19456K, 0% used [0x00000000eb280000,0x00000000eb280000,0x00000000ec580000)
  to   space 19456K, 0% used [0x00000000e9f80000,0x00000000e9f80000,0x00000000eb280000)
 ParOldGen       total 96256K, used 32336K [0x00000000a0000000, 0x00000000a5e00000, 0x00000000e0000000)
  object space 96256K, 33% used [0x00000000a0000000,0x00000000a1f94058,0x00000000a5e00000)
 Metaspace       used 57447K, capacity 58962K, committed 59028K, reserved 1099776K
  class space    used 7771K, capacity 8172K, committed 8192K, reserved 1048576K
}

