# JRE version: OpenJDK Runtime Environment (8.0_202-b03) (build 1.8.0_202-release-1483-b03)
# Java VM: OpenJDK 64-Bit Server VM (25.202-b03 mixed mode windows-amd64 compressed oops)
Heap:
 PSYoungGen      total 68608K, used 6487K [0x00000000d5d80000, 0x00000000db980000, 0x0000000100000000)
  eden space 63488K, 2% used [0x00000000d5d80000,0x00000000d5ed82c0,0x00000000d9b80000)
  from space 5120K, 99% used [0x00000000d9e80000,0x00000000da37da28,0x00000000da380000)
  to   space 15360K, 0% used [0x00000000daa80000,0x00000000daa80000,0x00000000db980000)
 ParOldGen       total 67584K, used 24581K [0x0000000081800000, 0x0000000085a00000, 0x00000000d5d80000)
  object space 67584K, 36% used [0x0000000081800000,0x0000000083001530,0x0000000085a00000)
 Metaspace       used 39843K, capacity 40464K, committed 40832K, reserved 1085440K
  class space    used 5020K, capacity 5209K, committed 5248K, reserved 1048576K
GC Heap History (10 events):
Event: 10.207 GC heap before
{Heap before GC invocations=5 (full 1):
 PSYoungGen      total 38400K, used 33280K [0x00000000d5d80000, 0x00000000da880000, 0x0000000100000000)
  eden space 33280K, 100% used [0x00000000d5d80000,0x00000000d7e00000,0x00000000d7e00000)
  from space 5120K, 0% used [0x00000000d7e00000,0x00000000d7e00000,0x00000000d8300000)
  to   space 5120K, 0% used [0x00000000da380000,0x00000000da380000,0x00000000da880000)
 ParOldGen       total 67584K, used 8377K [0x0000000081800000, 0x0000000085a00000, 0x00000000d5d80000)
  object space 67584K, 12% used [0x0000000081800000,0x000000008202e5b0,0x0000000085a00000)
 Metaspace       used 24417K, capacity 24916K, committed 25216K, reserved 1071104K
  class space    used 3206K, capacity 3380K, committed 3456K, reserved 1048576K
Event: 10.231 GC heap after
Heap after GC invocations=5 (full 1):
 PSYoungGen      total 50688K, used 5112K [0x00000000d5d80000, 0x00000000da880000, 0x0000000100000000)
  eden space 45568K, 0% used [0x00000000d5d80000,0x00000000d5d80000,0x00000000d8a00000)
  from space 5120K, 99% used [0x00000000da380000,0x00000000da87e018,0x00000000da880000)
  to   space 5120K, 0% used [0x00000000d9e80000,0x00000000d9e80000,0x00000000da380000)
 ParOldGen       total 67584K, used 10586K [0x0000000081800000, 0x0000000085a00000, 0x00000000d5d80000)
  object space 67584K, 15% used [0x0000000081800000,0x0000000082256b80,0x0000000085a00000)
 Metaspace       used 24417K, capacity 24916K, committed 25216K, reserved 1071104K
  class space    used 3206K, capacity 3380K, committed 3456K, reserved 1048576K
}
Event: 12.889 GC heap before
{Heap before GC invocations=6 (full 1):
 PSYoungGen      total 50688K, used 50680K [0x00000000d5d80000, 0x00000000da880000, 0x0000000100000000)
  eden space 45568K, 100% used [0x00000000d5d80000,0x00000000d8a00000,0x00000000d8a00000)
  from space 5120K, 99% used [0x00000000da380000,0x00000000da87e018,0x00000000da880000)
  to   space 5120K, 0% used [0x00000000d9e80000,0x00000000d9e80000,0x00000000da380000)
 ParOldGen       total 67584K, used 10586K [0x0000000081800000, 0x0000000085a00000, 0x00000000d5d80000)
  object space 67584K, 15% used [0x0000000081800000,0x0000000082256b80,0x0000000085a00000)
 Metaspace       used 31733K, capacity 32248K, committed 32640K, reserved 1077248K
  class space    used 4064K, capacity 4187K, committed 4224K, reserved 1048576K
Event: 12.938 GC heap after
Heap after GC invocations=6 (full 1):
 PSYoungGen      total 68608K, used 5090K [0x00000000d5d80000, 0x00000000db980000, 0x0000000100000000)
  eden space 63488K, 0% used [0x00000000d5d80000,0x00000000d5d80000,0x00000000d9b80000)
  from space 5120K, 99% used [0x00000000d9e80000,0x00000000da378908,0x00000000da380000)
  to   space 15360K, 0% used [0x00000000daa80000,0x00000000daa80000,0x00000000db980000)
 ParOldGen       total 67584K, used 21864K [0x0000000081800000, 0x0000000085a00000, 0x00000000d5d80000)
  object space 67584K, 32% used [0x0000000081800000,0x0000000082d5a1d8,0x0000000085a00000)
 Metaspace       used 31733K, capacity 32248K, committed 32640K, reserved 1077248K
  class space    used 4064K, capacity 4187K, committed 4224K, reserved 1048576K
}
Event: 14.774 GC heap before
{Heap before GC invocations=7 (full 1):
 PSYoungGen      total 68608K, used 17849K [0x00000000d5d80000, 0x00000000db980000, 0x0000000100000000)
  eden space 63488K, 20% used [0x00000000d5d80000,0x00000000d69f5cf8,0x00000000d9b80000)
  from space 5120K, 99% used [0x00000000d9e80000,0x00000000da378908,0x00000000da380000)
  to   space 15360K, 0% used [0x00000000daa80000,0x00000000daa80000,0x00000000db980000)
 ParOldGen       total 67584K, used 21864K [0x0000000081800000, 0x0000000085a00000, 0x00000000d5d80000)
  object space 67584K, 32% used [0x0000000081800000,0x0000000082d5a1d8,0x0000000085a00000)
 Metaspace       used 34820K, capacity 35346K, committed 35496K, reserved 1081344K
  class space    used 4455K, capacity 4604K, committed 4608K, reserved 1048576K
Event: 14.798 GC heap after
Heap after GC invocations=7 (full 1):
 PSYoungGen      total 78848K, used 8585K [0x00000000d5d80000, 0x00000000db980000, 0x0000000100000000)
  eden space 63488K, 0% used [0x00000000d5d80000,0x00000000d5d80000,0x00000000d9b80000)
  from space 15360K, 55% used [0x00000000daa80000,0x00000000db2e24e8,0x00000000db980000)
  to   space 5120K, 0% used [0x00000000d9e80000,0x00000000d9e80000,0x00000000da380000)
 ParOldGen       total 67584K, used 21872K [0x0000000081800000, 0x0000000085a00000, 0x00000000d5d80000)
  object space 67584K, 32% used [0x0000000081800000,0x0000000082d5c1d8,0x0000000085a00000)
 Metaspace       used 34820K, capacity 35346K, committed 35496K, reserved 1081344K
  class space    used 4455K, capacity 4604K, committed 4608K, reserved 1048576K
}
Event: 14.798 GC heap before
{Heap before GC invocations=8 (full 2):
 PSYoungGen      total 78848K, used 8585K [0x00000000d5d80000, 0x00000000db980000, 0x0000000100000000)
  eden space 63488K, 0% used [0x00000000d5d80000,0x00000000d5d80000,0x00000000d9b80000)
  from space 15360K, 55% used [0x00000000daa80000,0x00000000db2e24e8,0x00000000db980000)
  to   space 5120K, 0% used [0x00000000d9e80000,0x00000000d9e80000,0x00000000da380000)
 ParOldGen       total 67584K, used 21872K [0x0000000081800000, 0x0000000085a00000, 0x00000000d5d80000)
  object space 67584K, 32% used [0x0000000081800000,0x0000000082d5c1d8,0x0000000085a00000)
 Metaspace       used 34820K, capacity 35346K, committed 35496K, reserved 1081344K
  class space    used 4455K, capacity 4604K, committed 4608K, reserved 1048576K
Event: 15.085 GC heap after
Heap after GC invocations=8 (full 2):
 PSYoungGen      total 78848K, used 0K [0x00000000d5d80000, 0x00000000db980000, 0x0000000100000000)
  eden space 63488K, 0% used [0x00000000d5d80000,0x00000000d5d80000,0x00000000d9b80000)
  from space 15360K, 0% used [0x00000000daa80000,0x00000000daa80000,0x00000000db980000)
  to   space 5120K, 0% used [0x00000000d9e80000,0x00000000d9e80000,0x00000000da380000)
 ParOldGen       total 67584K, used 17331K [0x0000000081800000, 0x0000000085a00000, 0x00000000d5d80000)
  object space 67584K, 25% used [0x0000000081800000,0x00000000828ece58,0x0000000085a00000)
 Metaspace       used 34820K, capacity 35346K, committed 35496K, reserved 1081344K
  class space    used 4455K, capacity 4604K, committed 4608K, reserved 1048576K
}
Event: 18.684 GC heap before
{Heap before GC invocations=9 (full 2):
 PSYoungGen      total 78848K, used 63488K [0x00000000d5d80000, 0x00000000db980000, 0x0000000100000000)
  eden space 63488K, 100% used [0x00000000d5d80000,0x00000000d9b80000,0x00000000d9b80000)
  from space 15360K, 0% used [0x00000000daa80000,0x00000000daa80000,0x00000000db980000)
  to   space 5120K, 0% used [0x00000000d9e80000,0x00000000d9e80000,0x00000000da380000)
 ParOldGen       total 67584K, used 17331K [0x0000000081800000, 0x0000000085a00000, 0x00000000d5d80000)
  object space 67584K, 25% used [0x0000000081800000,0x00000000828ece58,0x0000000085a00000)
 Metaspace       used 39796K, capacity 40400K, committed 40576K, reserved 1085440K
  class space    used 5019K, capacity 5209K, committed 5248K, reserved 1048576K
Event: 18.707 GC heap after
Heap after GC invocations=9 (full 2):
 PSYoungGen      total 68608K, used 5110K [0x00000000d5d80000, 0x00000000db980000, 0x0000000100000000)
  eden space 63488K, 0% used [0x00000000d5d80000,0x00000000d5d80000,0x00000000d9b80000)
  from space 5120K, 99% used [0x00000000d9e80000,0x00000000da37da28,0x00000000da380000)
  to   space 15360K, 0% used [0x00000000daa80000,0x00000000daa80000,0x00000000db980000)
 ParOldGen       total 67584K, used 24581K [0x0000000081800000, 0x0000000085a00000, 0x00000000d5d80000)
  object space 67584K, 36% used [0x0000000081800000,0x0000000083001530,0x0000000085a00000)
 Metaspace       used 39796K, capacity 40400K, committed 40576K, reserved 1085440K
  class space    used 5019K, capacity 5209K, committed 5248K, reserved 1048576K
}

