# JRE version: OpenJDK Runtime Environment (8.0_202-b03) (build 1.8.0_202-release-1483-b03)
# Java VM: OpenJDK 64-Bit Server VM (25.202-b03 mixed mode windows-amd64 compressed oops)
Heap:
 PSYoungGen      total 114688K, used 16987K [0x00000000e0000000, 0x00000000ea080000, 0x0000000100000000)
  eden space 103936K, 16% used [0x00000000e0000000,0x00000000e1096cb8,0x00000000e6580000)
  from space 10752K, 0% used [0x00000000e6580000,0x00000000e6580000,0x00000000e7000000)
  to   space 13312K, 0% used [0x00000000e9380000,0x00000000e9380000,0x00000000ea080000)
 ParOldGen       total 92672K, used 20189K [0x00000000a0000000, 0x00000000a5a80000, 0x00000000e0000000)
  object space 92672K, 21% used [0x00000000a0000000,0x00000000a13b7600,0x00000000a5a80000)
 Metaspace       used 37376K, capacity 38166K, committed 38360K, reserved 1083392K
  class space    used 5127K, capacity 5355K, committed 5376K, reserved 1048576K
GC Heap History (10 events):
Event: 3.466 GC heap before
{Heap before GC invocations=7 (full 1):
 PSYoungGen      total 76800K, used 7120K [0x00000000e0000000, 0x00000000e5500000, 0x0000000100000000)
  eden space 66560K, 0% used [0x00000000e0000000,0x00000000e0000000,0x00000000e4100000)
  from space 10240K, 69% used [0x00000000e4b00000,0x00000000e51f4140,0x00000000e5500000)
  to   space 10240K, 0% used [0x00000000e4100000,0x00000000e4100000,0x00000000e4b00000)
 ParOldGen       total 87552K, used 8294K [0x00000000a0000000, 0x00000000a5580000, 0x00000000e0000000)
  object space 87552K, 9% used [0x00000000a0000000,0x00000000a0819ba8,0x00000000a5580000)
 Metaspace       used 20749K, capacity 21104K, committed 21248K, reserved 1067008K
  class space    used 2917K, capacity 3062K, committed 3072K, reserved 1048576K
Event: 3.514 GC heap after
Heap after GC invocations=7 (full 1):
 PSYoungGen      total 76800K, used 0K [0x00000000e0000000, 0x00000000e5500000, 0x0000000100000000)
  eden space 66560K, 0% used [0x00000000e0000000,0x00000000e0000000,0x00000000e4100000)
  from space 10240K, 0% used [0x00000000e4b00000,0x00000000e4b00000,0x00000000e5500000)
  to   space 10240K, 0% used [0x00000000e4100000,0x00000000e4100000,0x00000000e4b00000)
 ParOldGen       total 59392K, used 8044K [0x00000000a0000000, 0x00000000a3a00000, 0x00000000e0000000)
  object space 59392K, 13% used [0x00000000a0000000,0x00000000a07db1e8,0x00000000a3a00000)
 Metaspace       used 20749K, capacity 21104K, committed 21248K, reserved 1067008K
  class space    used 2917K, capacity 3062K, committed 3072K, reserved 1048576K
}
Event: 4.592 GC heap before
{Heap before GC invocations=8 (full 1):
 PSYoungGen      total 76800K, used 66560K [0x00000000e0000000, 0x00000000e5500000, 0x0000000100000000)
  eden space 66560K, 100% used [0x00000000e0000000,0x00000000e4100000,0x00000000e4100000)
  from space 10240K, 0% used [0x00000000e4b00000,0x00000000e4b00000,0x00000000e5500000)
  to   space 10240K, 0% used [0x00000000e4100000,0x00000000e4100000,0x00000000e4b00000)
 ParOldGen       total 59392K, used 8044K [0x00000000a0000000, 0x00000000a3a00000, 0x00000000e0000000)
  object space 59392K, 13% used [0x00000000a0000000,0x00000000a07db1e8,0x00000000a3a00000)
 Metaspace       used 28578K, capacity 29044K, committed 29440K, reserved 1075200K
  class space    used 3853K, capacity 4011K, committed 4096K, reserved 1048576K
Event: 4.599 GC heap after
Heap after GC invocations=8 (full 1):
 PSYoungGen      total 76800K, used 7668K [0x00000000e0000000, 0x00000000e7a00000, 0x0000000100000000)
  eden space 66560K, 0% used [0x00000000e0000000,0x00000000e0000000,0x00000000e4100000)
  from space 10240K, 74% used [0x00000000e4100000,0x00000000e487d0a0,0x00000000e4b00000)
  to   space 10240K, 0% used [0x00000000e7000000,0x00000000e7000000,0x00000000e7a00000)
 ParOldGen       total 59392K, used 8052K [0x00000000a0000000, 0x00000000a3a00000, 0x00000000e0000000)
  object space 59392K, 13% used [0x00000000a0000000,0x00000000a07dd1e8,0x00000000a3a00000)
 Metaspace       used 28578K, capacity 29044K, committed 29440K, reserved 1075200K
  class space    used 3853K, capacity 4011K, committed 4096K, reserved 1048576K
}
Event: 5.320 GC heap before
{Heap before GC invocations=9 (full 1):
 PSYoungGen      total 76800K, used 74228K [0x00000000e0000000, 0x00000000e7a00000, 0x0000000100000000)
  eden space 66560K, 100% used [0x00000000e0000000,0x00000000e4100000,0x00000000e4100000)
  from space 10240K, 74% used [0x00000000e4100000,0x00000000e487d0a0,0x00000000e4b00000)
  to   space 10240K, 0% used [0x00000000e7000000,0x00000000e7000000,0x00000000e7a00000)
 ParOldGen       total 59392K, used 8052K [0x00000000a0000000, 0x00000000a3a00000, 0x00000000e0000000)
  object space 59392K, 13% used [0x00000000a0000000,0x00000000a07dd1e8,0x00000000a3a00000)
 Metaspace       used 31737K, capacity 32264K, committed 32512K, reserved 1077248K
  class space    used 4365K, capacity 4531K, committed 4608K, reserved 1048576K
Event: 5.339 GC heap after
Heap after GC invocations=9 (full 1):
 PSYoungGen      total 114176K, used 8910K [0x00000000e0000000, 0x00000000e7c80000, 0x0000000100000000)
  eden space 103936K, 0% used [0x00000000e0000000,0x00000000e0000000,0x00000000e6580000)
  from space 10240K, 87% used [0x00000000e7000000,0x00000000e78b3a40,0x00000000e7a00000)
  to   space 10752K, 0% used [0x00000000e6580000,0x00000000e6580000,0x00000000e7000000)
 ParOldGen       total 59392K, used 8060K [0x00000000a0000000, 0x00000000a3a00000, 0x00000000e0000000)
  object space 59392K, 13% used [0x00000000a0000000,0x00000000a07df1e8,0x00000000a3a00000)
 Metaspace       used 31737K, capacity 32264K, committed 32512K, reserved 1077248K
  class space    used 4365K, capacity 4531K, committed 4608K, reserved 1048576K
}
Event: 11.212 GC heap before
{Heap before GC invocations=10 (full 1):
 PSYoungGen      total 114176K, used 72628K [0x00000000e0000000, 0x00000000e7c80000, 0x0000000100000000)
  eden space 103936K, 61% used [0x00000000e0000000,0x00000000e3e39668,0x00000000e6580000)
  from space 10240K, 87% used [0x00000000e7000000,0x00000000e78b3a40,0x00000000e7a00000)
  to   space 10752K, 0% used [0x00000000e6580000,0x00000000e6580000,0x00000000e7000000)
 ParOldGen       total 59392K, used 8060K [0x00000000a0000000, 0x00000000a3a00000, 0x00000000e0000000)
  object space 59392K, 13% used [0x00000000a0000000,0x00000000a07df1e8,0x00000000a3a00000)
 Metaspace       used 34583K, capacity 35292K, committed 35416K, reserved 1079296K
  class space    used 4745K, capacity 4969K, committed 4992K, reserved 1048576K
Event: 11.236 GC heap after
Heap after GC invocations=10 (full 1):
 PSYoungGen      total 114688K, used 10747K [0x00000000e0000000, 0x00000000ea080000, 0x0000000100000000)
  eden space 103936K, 0% used [0x00000000e0000000,0x00000000e0000000,0x00000000e6580000)
  from space 10752K, 99% used [0x00000000e6580000,0x00000000e6ffed38,0x00000000e7000000)
  to   space 13312K, 0% used [0x00000000e9380000,0x00000000e9380000,0x00000000ea080000)
 ParOldGen       total 59392K, used 10751K [0x00000000a0000000, 0x00000000a3a00000, 0x00000000e0000000)
  object space 59392K, 18% used [0x00000000a0000000,0x00000000a0a7fe40,0x00000000a3a00000)
 Metaspace       used 34583K, capacity 35292K, committed 35416K, reserved 1079296K
  class space    used 4745K, capacity 4969K, committed 4992K, reserved 1048576K
}
Event: 11.236 GC heap before
{Heap before GC invocations=11 (full 2):
 PSYoungGen      total 114688K, used 10747K [0x00000000e0000000, 0x00000000ea080000, 0x0000000100000000)
  eden space 103936K, 0% used [0x00000000e0000000,0x00000000e0000000,0x00000000e6580000)
  from space 10752K, 99% used [0x00000000e6580000,0x00000000e6ffed38,0x00000000e7000000)
  to   space 13312K, 0% used [0x00000000e9380000,0x00000000e9380000,0x00000000ea080000)
 ParOldGen       total 59392K, used 10751K [0x00000000a0000000, 0x00000000a3a00000, 0x00000000e0000000)
  object space 59392K, 18% used [0x00000000a0000000,0x00000000a0a7fe40,0x00000000a3a00000)
 Metaspace       used 34583K, capacity 35292K, committed 35416K, reserved 1079296K
  class space    used 4745K, capacity 4969K, committed 4992K, reserved 1048576K
Event: 11.324 GC heap after
Heap after GC invocations=11 (full 2):
 PSYoungGen      total 114688K, used 0K [0x00000000e0000000, 0x00000000ea080000, 0x0000000100000000)
  eden space 103936K, 0% used [0x00000000e0000000,0x00000000e0000000,0x00000000e6580000)
  from space 10752K, 0% used [0x00000000e6580000,0x00000000e6580000,0x00000000e7000000)
  to   space 13312K, 0% used [0x00000000e9380000,0x00000000e9380000,0x00000000ea080000)
 ParOldGen       total 92672K, used 20189K [0x00000000a0000000, 0x00000000a5a80000, 0x00000000e0000000)
  object space 92672K, 21% used [0x00000000a0000000,0x00000000a13b7600,0x00000000a5a80000)
 Metaspace       used 34576K, capacity 35268K, committed 35416K, reserved 1079296K
  class space    used 4743K, capacity 4965K, committed 4992K, reserved 1048576K
}

