# JRE version: OpenJDK Runtime Environment (8.0_202-b03) (build 1.8.0_202-release-1483-b03)
# Java VM: OpenJDK 64-Bit Server VM (25.202-b03 mixed mode windows-amd64 compressed oops)
Heap:
 PSYoungGen      total 65024K, used 15112K [0x00000000d5d80000, 0x00000000dc700000, 0x0000000100000000)
  eden space 51200K, 9% used [0x00000000d5d80000,0x00000000d626b440,0x00000000d8f80000)
  from space 13824K, 72% used [0x00000000d8f80000,0x00000000d9956bd0,0x00000000d9d00000)
  to   space 13824K, 0% used [0x00000000db980000,0x00000000db980000,0x00000000dc700000)
 ParOldGen       total 77824K, used 18888K [0x0000000081800000, 0x0000000086400000, 0x00000000d5d80000)
  object space 77824K, 24% used [0x0000000081800000,0x0000000082a721b8,0x0000000086400000)
 Metaspace       used 39227K, capacity 39888K, committed 40320K, reserved 1085440K
  class space    used 4952K, capacity 5145K, committed 5248K, reserved 1048576K
GC Heap History (10 events):
Event: 17.338 GC heap before
{Heap before GC invocations=5 (full 1):
 PSYoungGen      total 38400K, used 33280K [0x00000000d5d80000, 0x00000000d8800000, 0x0000000100000000)
  eden space 33280K, 100% used [0x00000000d5d80000,0x00000000d7e00000,0x00000000d7e00000)
  from space 5120K, 0% used [0x00000000d7e00000,0x00000000d7e00000,0x00000000d8300000)
  to   space 5120K, 0% used [0x00000000d8300000,0x00000000d8300000,0x00000000d8800000)
 ParOldGen       total 47104K, used 8383K [0x0000000081800000, 0x0000000084600000, 0x00000000d5d80000)
  object space 47104K, 17% used [0x0000000081800000,0x000000008202ff58,0x0000000084600000)
 Metaspace       used 24603K, capacity 25048K, committed 25216K, reserved 1071104K
  class space    used 3231K, capacity 3380K, committed 3456K, reserved 1048576K
Event: 17.350 GC heap after
Heap after GC invocations=5 (full 1):
 PSYoungGen      total 38400K, used 5091K [0x00000000d5d80000, 0x00000000d8800000, 0x0000000100000000)
  eden space 33280K, 0% used [0x00000000d5d80000,0x00000000d5d80000,0x00000000d7e00000)
  from space 5120K, 99% used [0x00000000d8300000,0x00000000d87f8e38,0x00000000d8800000)
  to   space 5120K, 0% used [0x00000000d7e00000,0x00000000d7e00000,0x00000000d8300000)
 ParOldGen       total 47104K, used 10675K [0x0000000081800000, 0x0000000084600000, 0x00000000d5d80000)
  object space 47104K, 22% used [0x0000000081800000,0x000000008226cc40,0x0000000084600000)
 Metaspace       used 24603K, capacity 25048K, committed 25216K, reserved 1071104K
  class space    used 3231K, capacity 3380K, committed 3456K, reserved 1048576K
}
Event: 18.054 GC heap before
{Heap before GC invocations=6 (full 1):
 PSYoungGen      total 38400K, used 38371K [0x00000000d5d80000, 0x00000000d8800000, 0x0000000100000000)
  eden space 33280K, 100% used [0x00000000d5d80000,0x00000000d7e00000,0x00000000d7e00000)
  from space 5120K, 99% used [0x00000000d8300000,0x00000000d87f8e38,0x00000000d8800000)
  to   space 5120K, 0% used [0x00000000d7e00000,0x00000000d7e00000,0x00000000d8300000)
 ParOldGen       total 47104K, used 10675K [0x0000000081800000, 0x0000000084600000, 0x00000000d5d80000)
  object space 47104K, 22% used [0x0000000081800000,0x000000008226cc40,0x0000000084600000)
 Metaspace       used 30071K, capacity 30566K, committed 30720K, reserved 1075200K
  class space    used 3899K, capacity 4057K, committed 4096K, reserved 1048576K
Event: 18.066 GC heap after
Heap after GC invocations=6 (full 1):
 PSYoungGen      total 38400K, used 5090K [0x00000000d5d80000, 0x00000000dab80000, 0x0000000100000000)
  eden space 33280K, 0% used [0x00000000d5d80000,0x00000000d5d80000,0x00000000d7e00000)
  from space 5120K, 99% used [0x00000000d7e00000,0x00000000d82f8908,0x00000000d8300000)
  to   space 13824K, 0% used [0x00000000d9e00000,0x00000000d9e00000,0x00000000dab80000)
 ParOldGen       total 47104K, used 19020K [0x0000000081800000, 0x0000000084600000, 0x00000000d5d80000)
  object space 47104K, 40% used [0x0000000081800000,0x0000000082a93078,0x0000000084600000)
 Metaspace       used 30071K, capacity 30566K, committed 30720K, reserved 1075200K
  class space    used 3899K, capacity 4057K, committed 4096K, reserved 1048576K
}
Event: 22.388 GC heap before
{Heap before GC invocations=7 (full 1):
 PSYoungGen      total 38400K, used 30606K [0x00000000d5d80000, 0x00000000dab80000, 0x0000000100000000)
  eden space 33280K, 76% used [0x00000000d5d80000,0x00000000d766afc8,0x00000000d7e00000)
  from space 5120K, 99% used [0x00000000d7e00000,0x00000000d82f8908,0x00000000d8300000)
  to   space 13824K, 0% used [0x00000000d9e00000,0x00000000d9e00000,0x00000000dab80000)
 ParOldGen       total 47104K, used 19020K [0x0000000081800000, 0x0000000084600000, 0x00000000d5d80000)
  object space 47104K, 40% used [0x0000000081800000,0x0000000082a93078,0x0000000084600000)
 Metaspace       used 34828K, capacity 35346K, committed 35496K, reserved 1081344K
  class space    used 4460K, capacity 4604K, committed 4608K, reserved 1048576K
Event: 22.402 GC heap after
Heap after GC invocations=7 (full 1):
 PSYoungGen      total 64000K, used 11299K [0x00000000d5d80000, 0x00000000daa80000, 0x0000000100000000)
  eden space 51200K, 0% used [0x00000000d5d80000,0x00000000d5d80000,0x00000000d8f80000)
  from space 12800K, 88% used [0x00000000d9e00000,0x00000000da908cf8,0x00000000daa80000)
  to   space 13824K, 0% used [0x00000000d8f80000,0x00000000d8f80000,0x00000000d9d00000)
 ParOldGen       total 47104K, used 19028K [0x0000000081800000, 0x0000000084600000, 0x00000000d5d80000)
  object space 47104K, 40% used [0x0000000081800000,0x0000000082a95078,0x0000000084600000)
 Metaspace       used 34828K, capacity 35346K, committed 35496K, reserved 1081344K
  class space    used 4460K, capacity 4604K, committed 4608K, reserved 1048576K
}
Event: 22.402 GC heap before
{Heap before GC invocations=8 (full 2):
 PSYoungGen      total 64000K, used 11299K [0x00000000d5d80000, 0x00000000daa80000, 0x0000000100000000)
  eden space 51200K, 0% used [0x00000000d5d80000,0x00000000d5d80000,0x00000000d8f80000)
  from space 12800K, 88% used [0x00000000d9e00000,0x00000000da908cf8,0x00000000daa80000)
  to   space 13824K, 0% used [0x00000000d8f80000,0x00000000d8f80000,0x00000000d9d00000)
 ParOldGen       total 47104K, used 19028K [0x0000000081800000, 0x0000000084600000, 0x00000000d5d80000)
  object space 47104K, 40% used [0x0000000081800000,0x0000000082a95078,0x0000000084600000)
 Metaspace       used 34828K, capacity 35346K, committed 35496K, reserved 1081344K
  class space    used 4460K, capacity 4604K, committed 4608K, reserved 1048576K
Event: 22.498 GC heap after
Heap after GC invocations=8 (full 2):
 PSYoungGen      total 64000K, used 0K [0x00000000d5d80000, 0x00000000daa80000, 0x0000000100000000)
  eden space 51200K, 0% used [0x00000000d5d80000,0x00000000d5d80000,0x00000000d8f80000)
  from space 12800K, 0% used [0x00000000d9e00000,0x00000000d9e00000,0x00000000daa80000)
  to   space 13824K, 0% used [0x00000000d8f80000,0x00000000d8f80000,0x00000000d9d00000)
 ParOldGen       total 77824K, used 18880K [0x0000000081800000, 0x0000000086400000, 0x00000000d5d80000)
  object space 77824K, 24% used [0x0000000081800000,0x0000000082a701b8,0x0000000086400000)
 Metaspace       used 34828K, capacity 35346K, committed 35496K, reserved 1081344K
  class space    used 4460K, capacity 4604K, committed 4608K, reserved 1048576K
}
Event: 23.555 GC heap before
{Heap before GC invocations=9 (full 2):
 PSYoungGen      total 64000K, used 51200K [0x00000000d5d80000, 0x00000000daa80000, 0x0000000100000000)
  eden space 51200K, 100% used [0x00000000d5d80000,0x00000000d8f80000,0x00000000d8f80000)
  from space 12800K, 0% used [0x00000000d9e00000,0x00000000d9e00000,0x00000000daa80000)
  to   space 13824K, 0% used [0x00000000d8f80000,0x00000000d8f80000,0x00000000d9d00000)
 ParOldGen       total 77824K, used 18880K [0x0000000081800000, 0x0000000086400000, 0x00000000d5d80000)
  object space 77824K, 24% used [0x0000000081800000,0x0000000082a701b8,0x0000000086400000)
 Metaspace       used 39203K, capacity 39824K, committed 40064K, reserved 1083392K
  class space    used 4952K, capacity 5145K, committed 5248K, reserved 1048576K
Event: 23.571 GC heap after
Heap after GC invocations=9 (full 2):
 PSYoungGen      total 65024K, used 10074K [0x00000000d5d80000, 0x00000000dc700000, 0x0000000100000000)
  eden space 51200K, 0% used [0x00000000d5d80000,0x00000000d5d80000,0x00000000d8f80000)
  from space 13824K, 72% used [0x00000000d8f80000,0x00000000d9956bd0,0x00000000d9d00000)
  to   space 13824K, 0% used [0x00000000db980000,0x00000000db980000,0x00000000dc700000)
 ParOldGen       total 77824K, used 18888K [0x0000000081800000, 0x0000000086400000, 0x00000000d5d80000)
  object space 77824K, 24% used [0x0000000081800000,0x0000000082a721b8,0x0000000086400000)
 Metaspace       used 39203K, capacity 39824K, committed 40064K, reserved 1083392K
  class space    used 4952K, capacity 5145K, committed 5248K, reserved 1048576K
}

