# JRE version: OpenJDK Runtime Environment (8.0_202-b03) (build 1.8.0_202-release-1483-b03)
# Java VM: OpenJDK 64-Bit Server VM (25.202-b03 mixed mode windows-amd64 compressed oops)
Heap:
 PSYoungGen      total 248832K, used 42049K [0x00000000e0000000, 0x00000000f2680000, 0x0000000100000000)
  eden space 223232K, 16% used [0x00000000e0000000,0x00000000e24f8720,0x00000000eda00000)
  from space 25600K, 16% used [0x00000000eda00000,0x00000000ede18040,0x00000000ef300000)
  to   space 24576K, 0% used [0x00000000f0e80000,0x00000000f0e80000,0x00000000f2680000)
 ParOldGen       total 160256K, used 112258K [0x00000000a0000000, 0x00000000a9c80000, 0x00000000e0000000)
  object space 160256K, 70% used [0x00000000a0000000,0x00000000a6da0828,0x00000000a9c80000)
 Metaspace       used 88080K, capacity 91608K, committed 91648K, reserved 1128448K
  class space    used 11286K, capacity 12032K, committed 12032K, reserved 1048576K
GC Heap History (10 events):
Event: 424.002 GC heap before
{Heap before GC invocations=48 (full 8):
 PSYoungGen      total 216064K, used 539K [0x00000000e0000000, 0x00000000ee680000, 0x0000000100000000)
  eden space 196096K, 0% used [0x00000000e0000000,0x00000000e0086e18,0x00000000ebf80000)
  from space 19968K, 0% used [0x00000000ebf80000,0x00000000ebf80000,0x00000000ed300000)
  to   space 19968K, 0% used [0x00000000ed300000,0x00000000ed300000,0x00000000ee680000)
 ParOldGen       total 160256K, used 75311K [0x00000000a0000000, 0x00000000a9c80000, 0x00000000e0000000)
  object space 160256K, 46% used [0x00000000a0000000,0x00000000a498bdc8,0x00000000a9c80000)
 Metaspace       used 87630K, capacity 91136K, committed 91392K, reserved 1128448K
  class space    used 11274K, capacity 12020K, committed 12032K, reserved 1048576K
Event: 424.008 GC heap after
Heap after GC invocations=48 (full 8):
 PSYoungGen      total 215040K, used 64K [0x00000000e0000000, 0x00000000ee580000, 0x0000000100000000)
  eden space 196096K, 0% used [0x00000000e0000000,0x00000000e0000000,0x00000000ebf80000)
  from space 18944K, 0% used [0x00000000ed300000,0x00000000ed310000,0x00000000ee580000)
  to   space 19456K, 0% used [0x00000000ebf80000,0x00000000ebf80000,0x00000000ed280000)
 ParOldGen       total 160256K, used 75311K [0x00000000a0000000, 0x00000000a9c80000, 0x00000000e0000000)
  object space 160256K, 46% used [0x00000000a0000000,0x00000000a498bdc8,0x00000000a9c80000)
 Metaspace       used 87630K, capacity 91136K, committed 91392K, reserved 1128448K
  class space    used 11274K, capacity 12020K, committed 12032K, reserved 1048576K
}
Event: 424.008 GC heap before
{Heap before GC invocations=49 (full 9):
 PSYoungGen      total 215040K, used 64K [0x00000000e0000000, 0x00000000ee580000, 0x0000000100000000)
  eden space 196096K, 0% used [0x00000000e0000000,0x00000000e0000000,0x00000000ebf80000)
  from space 18944K, 0% used [0x00000000ed300000,0x00000000ed310000,0x00000000ee580000)
  to   space 19456K, 0% used [0x00000000ebf80000,0x00000000ebf80000,0x00000000ed280000)
 ParOldGen       total 160256K, used 75311K [0x00000000a0000000, 0x00000000a9c80000, 0x00000000e0000000)
  object space 160256K, 46% used [0x00000000a0000000,0x00000000a498bdc8,0x00000000a9c80000)
 Metaspace       used 87630K, capacity 91136K, committed 91392K, reserved 1128448K
  class space    used 11274K, capacity 12020K, committed 12032K, reserved 1048576K
Event: 424.263 GC heap after
Heap after GC invocations=49 (full 9):
 PSYoungGen      total 215040K, used 0K [0x00000000e0000000, 0x00000000ee580000, 0x0000000100000000)
  eden space 196096K, 0% used [0x00000000e0000000,0x00000000e0000000,0x00000000ebf80000)
  from space 18944K, 0% used [0x00000000ed300000,0x00000000ed300000,0x00000000ee580000)
  to   space 19456K, 0% used [0x00000000ebf80000,0x00000000ebf80000,0x00000000ed280000)
 ParOldGen       total 160256K, used 75321K [0x00000000a0000000, 0x00000000a9c80000, 0x00000000e0000000)
  object space 160256K, 47% used [0x00000000a0000000,0x00000000a498e778,0x00000000a9c80000)
 Metaspace       used 87630K, capacity 91136K, committed 91392K, reserved 1128448K
  class space    used 11274K, capacity 12020K, committed 12032K, reserved 1048576K
}
Event: 446.381 GC heap before
{Heap before GC invocations=50 (full 9):
 PSYoungGen      total 215040K, used 196096K [0x00000000e0000000, 0x00000000ee580000, 0x0000000100000000)
  eden space 196096K, 100% used [0x00000000e0000000,0x00000000ebf80000,0x00000000ebf80000)
  from space 18944K, 0% used [0x00000000ed300000,0x00000000ed300000,0x00000000ee580000)
  to   space 19456K, 0% used [0x00000000ebf80000,0x00000000ebf80000,0x00000000ed280000)
 ParOldGen       total 160256K, used 75321K [0x00000000a0000000, 0x00000000a9c80000, 0x00000000e0000000)
  object space 160256K, 47% used [0x00000000a0000000,0x00000000a498e778,0x00000000a9c80000)
 Metaspace       used 87734K, capacity 91216K, committed 91392K, reserved 1128448K
  class space    used 11278K, capacity 12022K, committed 12032K, reserved 1048576K
Event: 446.426 GC heap after
Heap after GC invocations=50 (full 9):
 PSYoungGen      total 215552K, used 19429K [0x00000000e0000000, 0x00000000f0e00000, 0x0000000100000000)
  eden space 196096K, 0% used [0x00000000e0000000,0x00000000e0000000,0x00000000ebf80000)
  from space 19456K, 99% used [0x00000000ebf80000,0x00000000ed279760,0x00000000ed280000)
  to   space 27648K, 0% used [0x00000000ef300000,0x00000000ef300000,0x00000000f0e00000)
 ParOldGen       total 160256K, used 86849K [0x00000000a0000000, 0x00000000a9c80000, 0x00000000e0000000)
  object space 160256K, 54% used [0x00000000a0000000,0x00000000a54d0470,0x00000000a9c80000)
 Metaspace       used 87734K, capacity 91216K, committed 91392K, reserved 1128448K
  class space    used 11278K, capacity 12022K, committed 12032K, reserved 1048576K
}
Event: 452.685 GC heap before
{Heap before GC invocations=51 (full 9):
 PSYoungGen      total 215552K, used 215525K [0x00000000e0000000, 0x00000000f0e00000, 0x0000000100000000)
  eden space 196096K, 100% used [0x00000000e0000000,0x00000000ebf80000,0x00000000ebf80000)
  from space 19456K, 99% used [0x00000000ebf80000,0x00000000ed279760,0x00000000ed280000)
  to   space 27648K, 0% used [0x00000000ef300000,0x00000000ef300000,0x00000000f0e00000)
 ParOldGen       total 160256K, used 86849K [0x00000000a0000000, 0x00000000a9c80000, 0x00000000e0000000)
  object space 160256K, 54% used [0x00000000a0000000,0x00000000a54d0470,0x00000000a9c80000)
 Metaspace       used 87895K, capacity 91344K, committed 91392K, reserved 1128448K
  class space    used 11278K, capacity 12022K, committed 12032K, reserved 1048576K
Event: 452.763 GC heap after
Heap after GC invocations=51 (full 9):
 PSYoungGen      total 250368K, used 6512K [0x00000000e0000000, 0x00000000f0d80000, 0x0000000100000000)
  eden space 223232K, 0% used [0x00000000e0000000,0x00000000e0000000,0x00000000eda00000)
  from space 27136K, 23% used [0x00000000ef300000,0x00000000ef95c010,0x00000000f0d80000)
  to   space 25600K, 0% used [0x00000000eda00000,0x00000000eda00000,0x00000000ef300000)
 ParOldGen       total 160256K, used 106096K [0x00000000a0000000, 0x00000000a9c80000, 0x00000000e0000000)
  object space 160256K, 66% used [0x00000000a0000000,0x00000000a679c3c0,0x00000000a9c80000)
 Metaspace       used 87895K, capacity 91344K, committed 91392K, reserved 1128448K
  class space    used 11278K, capacity 12022K, committed 12032K, reserved 1048576K
}
Event: 470.477 GC heap before
{Heap before GC invocations=52 (full 9):
 PSYoungGen      total 250368K, used 229744K [0x00000000e0000000, 0x00000000f0d80000, 0x0000000100000000)
  eden space 223232K, 100% used [0x00000000e0000000,0x00000000eda00000,0x00000000eda00000)
  from space 27136K, 23% used [0x00000000ef300000,0x00000000ef95c010,0x00000000f0d80000)
  to   space 25600K, 0% used [0x00000000eda00000,0x00000000eda00000,0x00000000ef300000)
 ParOldGen       total 160256K, used 106096K [0x00000000a0000000, 0x00000000a9c80000, 0x00000000e0000000)
  object space 160256K, 66% used [0x00000000a0000000,0x00000000a679c3c0,0x00000000a9c80000)
 Metaspace       used 88051K, capacity 91602K, committed 91648K, reserved 1128448K
  class space    used 11285K, capacity 12031K, committed 12032K, reserved 1048576K
Event: 470.495 GC heap after
Heap after GC invocations=52 (full 9):
 PSYoungGen      total 248832K, used 4192K [0x00000000e0000000, 0x00000000f2680000, 0x0000000100000000)
  eden space 223232K, 0% used [0x00000000e0000000,0x00000000e0000000,0x00000000eda00000)
  from space 25600K, 16% used [0x00000000eda00000,0x00000000ede18040,0x00000000ef300000)
  to   space 24576K, 0% used [0x00000000f0e80000,0x00000000f0e80000,0x00000000f2680000)
 ParOldGen       total 160256K, used 112258K [0x00000000a0000000, 0x00000000a9c80000, 0x00000000e0000000)
  object space 160256K, 70% used [0x00000000a0000000,0x00000000a6da0828,0x00000000a9c80000)
 Metaspace       used 88051K, capacity 91602K, committed 91648K, reserved 1128448K
  class space    used 11285K, capacity 12031K, committed 12032K, reserved 1048576K
}

