# JRE version: OpenJDK Runtime Environment (8.0_202-b03) (build 1.8.0_202-release-1483-b03)
# Java VM: OpenJDK 64-Bit Server VM (25.202-b03 mixed mode windows-amd64 compressed oops)
Heap:
 PSYoungGen      total 99328K, used 52152K [0x00000000d5d80000, 0x00000000dd580000, 0x0000000100000000)
  eden space 83456K, 43% used [0x00000000d5d80000,0x00000000d80f28d8,0x00000000daf00000)
  from space 15872K, 99% used [0x00000000dc100000,0x00000000dd07baa8,0x00000000dd080000)
  to   space 18432K, 0% used [0x00000000daf00000,0x00000000daf00000,0x00000000dc100000)
 ParOldGen       total 115712K, used 18630K [0x0000000081800000, 0x0000000088900000, 0x00000000d5d80000)
  object space 115712K, 16% used [0x0000000081800000,0x0000000082a31ad0,0x0000000088900000)
 Metaspace       used 47917K, capacity 48764K, committed 49072K, reserved 1091584K
  class space    used 6047K, capacity 6291K, committed 6320K, reserved 1048576K
GC Heap History (10 events):
Event: 14.398 GC heap before
{Heap before GC invocations=6 (full 1):
 PSYoungGen      total 51200K, used 51180K [0x00000000d5d80000, 0x00000000da880000, 0x0000000100000000)
  eden space 46080K, 100% used [0x00000000d5d80000,0x00000000d8a80000,0x00000000d8a80000)
  from space 5120K, 99% used [0x00000000da380000,0x00000000da87b348,0x00000000da880000)
  to   space 5120K, 0% used [0x00000000d9e80000,0x00000000d9e80000,0x00000000da380000)
 ParOldGen       total 67072K, used 10732K [0x0000000081800000, 0x0000000085980000, 0x00000000d5d80000)
  object space 67072K, 16% used [0x0000000081800000,0x000000008227b080,0x0000000085980000)
 Metaspace       used 31914K, capacity 32410K, committed 32688K, reserved 1077248K
  class space    used 4087K, capacity 4220K, committed 4272K, reserved 1048576K
Event: 14.444 GC heap after
Heap after GC invocations=6 (full 1):
 PSYoungGen      total 69632K, used 5090K [0x00000000d5d80000, 0x00000000dba80000, 0x0000000100000000)
  eden space 64512K, 0% used [0x00000000d5d80000,0x00000000d5d80000,0x00000000d9c80000)
  from space 5120K, 99% used [0x00000000d9e80000,0x00000000da378908,0x00000000da380000)
  to   space 15360K, 0% used [0x00000000dab80000,0x00000000dab80000,0x00000000dba80000)
 ParOldGen       total 67072K, used 22128K [0x0000000081800000, 0x0000000085980000, 0x00000000d5d80000)
  object space 67072K, 32% used [0x0000000081800000,0x0000000082d9c300,0x0000000085980000)
 Metaspace       used 31914K, capacity 32410K, committed 32688K, reserved 1077248K
  class space    used 4087K, capacity 4220K, committed 4272K, reserved 1048576K
}
Event: 15.750 GC heap before
{Heap before GC invocations=7 (full 1):
 PSYoungGen      total 69632K, used 16877K [0x00000000d5d80000, 0x00000000dba80000, 0x0000000100000000)
  eden space 64512K, 18% used [0x00000000d5d80000,0x00000000d6902be8,0x00000000d9c80000)
  from space 5120K, 99% used [0x00000000d9e80000,0x00000000da378908,0x00000000da380000)
  to   space 15360K, 0% used [0x00000000dab80000,0x00000000dab80000,0x00000000dba80000)
 ParOldGen       total 67072K, used 22128K [0x0000000081800000, 0x0000000085980000, 0x00000000d5d80000)
  object space 67072K, 32% used [0x0000000081800000,0x0000000082d9c300,0x0000000085980000)
 Metaspace       used 34720K, capacity 35250K, committed 35496K, reserved 1081344K
  class space    used 4442K, capacity 4572K, committed 4656K, reserved 1048576K
Event: 15.788 GC heap after
Heap after GC invocations=7 (full 1):
 PSYoungGen      total 79872K, used 8227K [0x00000000d5d80000, 0x00000000dd780000, 0x0000000100000000)
  eden space 64512K, 0% used [0x00000000d5d80000,0x00000000d5d80000,0x00000000d9c80000)
  from space 15360K, 53% used [0x00000000dab80000,0x00000000db388eb0,0x00000000dba80000)
  to   space 15360K, 0% used [0x00000000d9c80000,0x00000000d9c80000,0x00000000dab80000)
 ParOldGen       total 67072K, used 22189K [0x0000000081800000, 0x0000000085980000, 0x00000000d5d80000)
  object space 67072K, 33% used [0x0000000081800000,0x0000000082dab760,0x0000000085980000)
 Metaspace       used 34720K, capacity 35250K, committed 35496K, reserved 1081344K
  class space    used 4442K, capacity 4572K, committed 4656K, reserved 1048576K
}
Event: 15.788 GC heap before
{Heap before GC invocations=8 (full 2):
 PSYoungGen      total 79872K, used 8227K [0x00000000d5d80000, 0x00000000dd780000, 0x0000000100000000)
  eden space 64512K, 0% used [0x00000000d5d80000,0x00000000d5d80000,0x00000000d9c80000)
  from space 15360K, 53% used [0x00000000dab80000,0x00000000db388eb0,0x00000000dba80000)
  to   space 15360K, 0% used [0x00000000d9c80000,0x00000000d9c80000,0x00000000dab80000)
 ParOldGen       total 67072K, used 22189K [0x0000000081800000, 0x0000000085980000, 0x00000000d5d80000)
  object space 67072K, 33% used [0x0000000081800000,0x0000000082dab760,0x0000000085980000)
 Metaspace       used 34720K, capacity 35250K, committed 35496K, reserved 1081344K
  class space    used 4442K, capacity 4572K, committed 4656K, reserved 1048576K
Event: 16.105 GC heap after
Heap after GC invocations=8 (full 2):
 PSYoungGen      total 79872K, used 0K [0x00000000d5d80000, 0x00000000dd780000, 0x0000000100000000)
  eden space 64512K, 0% used [0x00000000d5d80000,0x00000000d5d80000,0x00000000d9c80000)
  from space 15360K, 0% used [0x00000000dab80000,0x00000000dab80000,0x00000000dba80000)
  to   space 15360K, 0% used [0x00000000d9c80000,0x00000000d9c80000,0x00000000dab80000)
 ParOldGen       total 115712K, used 17066K [0x0000000081800000, 0x0000000088900000, 0x00000000d5d80000)
  object space 115712K, 14% used [0x0000000081800000,0x00000000828aab98,0x0000000088900000)
 Metaspace       used 34720K, capacity 35250K, committed 35496K, reserved 1081344K
  class space    used 4442K, capacity 4572K, committed 4656K, reserved 1048576K
}
Event: 19.895 GC heap before
{Heap before GC invocations=9 (full 2):
 PSYoungGen      total 79872K, used 64512K [0x00000000d5d80000, 0x00000000dd780000, 0x0000000100000000)
  eden space 64512K, 100% used [0x00000000d5d80000,0x00000000d9c80000,0x00000000d9c80000)
  from space 15360K, 0% used [0x00000000dab80000,0x00000000dab80000,0x00000000dba80000)
  to   space 15360K, 0% used [0x00000000d9c80000,0x00000000d9c80000,0x00000000dab80000)
 ParOldGen       total 115712K, used 17066K [0x0000000081800000, 0x0000000088900000, 0x00000000d5d80000)
  object space 115712K, 14% used [0x0000000081800000,0x00000000828aab98,0x0000000088900000)
 Metaspace       used 39840K, capacity 40464K, committed 40880K, reserved 1085440K
  class space    used 5022K, capacity 5209K, committed 5296K, reserved 1048576K
Event: 19.927 GC heap after
Heap after GC invocations=9 (full 2):
 PSYoungGen      total 79872K, used 12708K [0x00000000d5d80000, 0x00000000dd080000, 0x0000000100000000)
  eden space 64512K, 0% used [0x00000000d5d80000,0x00000000d5d80000,0x00000000d9c80000)
  from space 15360K, 82% used [0x00000000d9c80000,0x00000000da8e9198,0x00000000dab80000)
  to   space 15872K, 0% used [0x00000000dc100000,0x00000000dc100000,0x00000000dd080000)
 ParOldGen       total 115712K, used 17074K [0x0000000081800000, 0x0000000088900000, 0x00000000d5d80000)
  object space 115712K, 14% used [0x0000000081800000,0x00000000828acb98,0x0000000088900000)
 Metaspace       used 39840K, capacity 40464K, committed 40880K, reserved 1085440K
  class space    used 5022K, capacity 5209K, committed 5296K, reserved 1048576K
}
Event: 23.466 GC heap before
{Heap before GC invocations=10 (full 2):
 PSYoungGen      total 79872K, used 77220K [0x00000000d5d80000, 0x00000000dd080000, 0x0000000100000000)
  eden space 64512K, 100% used [0x00000000d5d80000,0x00000000d9c80000,0x00000000d9c80000)
  from space 15360K, 82% used [0x00000000d9c80000,0x00000000da8e9198,0x00000000dab80000)
  to   space 15872K, 0% used [0x00000000dc100000,0x00000000dc100000,0x00000000dd080000)
 ParOldGen       total 115712K, used 17074K [0x0000000081800000, 0x0000000088900000, 0x00000000d5d80000)
  object space 115712K, 14% used [0x0000000081800000,0x00000000828acb98,0x0000000088900000)
 Metaspace       used 43583K, capacity 44376K, committed 44848K, reserved 1089536K
  class space    used 5358K, capacity 5575K, committed 5680K, reserved 1048576K
Event: 23.517 GC heap after
Heap after GC invocations=10 (full 2):
 PSYoungGen      total 99328K, used 15854K [0x00000000d5d80000, 0x00000000dd580000, 0x0000000100000000)
  eden space 83456K, 0% used [0x00000000d5d80000,0x00000000d5d80000,0x00000000daf00000)
  from space 15872K, 99% used [0x00000000dc100000,0x00000000dd07baa8,0x00000000dd080000)
  to   space 18432K, 0% used [0x00000000daf00000,0x00000000daf00000,0x00000000dc100000)
 ParOldGen       total 115712K, used 18630K [0x0000000081800000, 0x0000000088900000, 0x00000000d5d80000)
  object space 115712K, 16% used [0x0000000081800000,0x0000000082a31ad0,0x0000000088900000)
 Metaspace       used 43583K, capacity 44376K, committed 44848K, reserved 1089536K
  class space    used 5358K, capacity 5575K, committed 5680K, reserved 1048576K
}

