# JRE version: OpenJDK Runtime Environment (8.0_202-b03) (build 1.8.0_202-release-1483-b03)
# Java VM: OpenJDK 64-Bit Server VM (25.202-b03 mixed mode windows-amd64 compressed oops)
Heap:
 PSYoungGen      total 172032K, used 126763K [0x00000000e0000000, 0x00000000edc80000, 0x0000000100000000)
  eden space 147968K, 77% used [0x00000000e0000000,0x00000000e6fee060,0x00000000e9080000)
  from space 24064K, 50% used [0x00000000e9080000,0x00000000e9c5cf58,0x00000000ea800000)
  to   space 23040K, 0% used [0x00000000ec600000,0x00000000ec600000,0x00000000edc80000)
 ParOldGen       total 165376K, used 38417K [0x00000000a0000000, 0x00000000aa180000, 0x00000000e0000000)
  object space 165376K, 23% used [0x00000000a0000000,0x00000000a2584470,0x00000000aa180000)
 Metaspace       used 64372K, capacity 66406K, committed 66560K, reserved 1105920K
  class space    used 8638K, capacity 9125K, committed 9216K, reserved 1048576K
GC Heap History (10 events):
Event: 25.308 GC heap before
{Heap before GC invocations=10 (full 2):
 PSYoungGen      total 121856K, used 107520K [0x00000000e0000000, 0x00000000e9400000, 0x0000000100000000)
  eden space 107520K, 100% used [0x00000000e0000000,0x00000000e6900000,0x00000000e6900000)
  from space 14336K, 0% used [0x00000000e6900000,0x00000000e6900000,0x00000000e7700000)
  to   space 13312K, 0% used [0x00000000e8700000,0x00000000e8700000,0x00000000e9400000)
 ParOldGen       total 107008K, used 14519K [0x00000000a0000000, 0x00000000a6880000, 0x00000000e0000000)
  object space 107008K, 13% used [0x00000000a0000000,0x00000000a0e2dfd8,0x00000000a6880000)
 Metaspace       used 38842K, capacity 39762K, committed 40064K, reserved 1083392K
  class space    used 5216K, capacity 5471K, committed 5504K, reserved 1048576K
Event: 25.322 GC heap after
Heap after GC invocations=10 (full 2):
 PSYoungGen      total 137216K, used 11446K [0x00000000e0000000, 0x00000000eaa00000, 0x0000000100000000)
  eden space 123904K, 0% used [0x00000000e0000000,0x00000000e0000000,0x00000000e7900000)
  from space 13312K, 85% used [0x00000000e8700000,0x00000000e922da10,0x00000000e9400000)
  to   space 14336K, 0% used [0x00000000e7900000,0x00000000e7900000,0x00000000e8700000)
 ParOldGen       total 107008K, used 14527K [0x00000000a0000000, 0x00000000a6880000, 0x00000000e0000000)
  object space 107008K, 13% used [0x00000000a0000000,0x00000000a0e2ffd8,0x00000000a6880000)
 Metaspace       used 38842K, capacity 39762K, committed 40064K, reserved 1083392K
  class space    used 5216K, capacity 5471K, committed 5504K, reserved 1048576K
}
Event: 29.735 GC heap before
{Heap before GC invocations=11 (full 2):
 PSYoungGen      total 137216K, used 135350K [0x00000000e0000000, 0x00000000eaa00000, 0x0000000100000000)
  eden space 123904K, 100% used [0x00000000e0000000,0x00000000e7900000,0x00000000e7900000)
  from space 13312K, 85% used [0x00000000e8700000,0x00000000e922da10,0x00000000e9400000)
  to   space 14336K, 0% used [0x00000000e7900000,0x00000000e7900000,0x00000000e8700000)
 ParOldGen       total 107008K, used 14527K [0x00000000a0000000, 0x00000000a6880000, 0x00000000e0000000)
  object space 107008K, 13% used [0x00000000a0000000,0x00000000a0e2ffd8,0x00000000a6880000)
 Metaspace       used 50314K, capacity 51604K, committed 51840K, reserved 1093632K
  class space    used 6646K, capacity 7003K, committed 7040K, reserved 1048576K
Event: 29.775 GC heap after
Heap after GC invocations=11 (full 2):
 PSYoungGen      total 138240K, used 14332K [0x00000000e0000000, 0x00000000ebb80000, 0x0000000100000000)
  eden space 123904K, 0% used [0x00000000e0000000,0x00000000e0000000,0x00000000e7900000)
  from space 14336K, 99% used [0x00000000e7900000,0x00000000e86ff300,0x00000000e8700000)
  to   space 19968K, 0% used [0x00000000ea800000,0x00000000ea800000,0x00000000ebb80000)
 ParOldGen       total 107008K, used 23683K [0x00000000a0000000, 0x00000000a6880000, 0x00000000e0000000)
  object space 107008K, 22% used [0x00000000a0000000,0x00000000a1720fa8,0x00000000a6880000)
 Metaspace       used 50314K, capacity 51604K, committed 51840K, reserved 1093632K
  class space    used 6646K, capacity 7003K, committed 7040K, reserved 1048576K
}
Event: 31.802 GC heap before
{Heap before GC invocations=12 (full 2):
 PSYoungGen      total 138240K, used 102740K [0x00000000e0000000, 0x00000000ebb80000, 0x0000000100000000)
  eden space 123904K, 71% used [0x00000000e0000000,0x00000000e5655f08,0x00000000e7900000)
  from space 14336K, 99% used [0x00000000e7900000,0x00000000e86ff300,0x00000000e8700000)
  to   space 19968K, 0% used [0x00000000ea800000,0x00000000ea800000,0x00000000ebb80000)
 ParOldGen       total 107008K, used 23683K [0x00000000a0000000, 0x00000000a6880000, 0x00000000e0000000)
  object space 107008K, 22% used [0x00000000a0000000,0x00000000a1720fa8,0x00000000a6880000)
 Metaspace       used 57511K, capacity 59120K, committed 59160K, reserved 1099776K
  class space    used 7652K, capacity 8041K, committed 8064K, reserved 1048576K
Event: 31.832 GC heap after
Heap after GC invocations=12 (full 2):
 PSYoungGen      total 167936K, used 19956K [0x00000000e0000000, 0x00000000ec800000, 0x0000000100000000)
  eden space 147968K, 0% used [0x00000000e0000000,0x00000000e0000000,0x00000000e9080000)
  from space 19968K, 99% used [0x00000000ea800000,0x00000000ebb7d038,0x00000000ebb80000)
  to   space 24064K, 0% used [0x00000000e9080000,0x00000000e9080000,0x00000000ea800000)
 ParOldGen       total 107008K, used 28030K [0x00000000a0000000, 0x00000000a6880000, 0x00000000e0000000)
  object space 107008K, 26% used [0x00000000a0000000,0x00000000a1b5fa90,0x00000000a6880000)
 Metaspace       used 57511K, capacity 59120K, committed 59160K, reserved 1099776K
  class space    used 7652K, capacity 8041K, committed 8064K, reserved 1048576K
}
Event: 31.832 GC heap before
{Heap before GC invocations=13 (full 3):
 PSYoungGen      total 167936K, used 19956K [0x00000000e0000000, 0x00000000ec800000, 0x0000000100000000)
  eden space 147968K, 0% used [0x00000000e0000000,0x00000000e0000000,0x00000000e9080000)
  from space 19968K, 99% used [0x00000000ea800000,0x00000000ebb7d038,0x00000000ebb80000)
  to   space 24064K, 0% used [0x00000000e9080000,0x00000000e9080000,0x00000000ea800000)
 ParOldGen       total 107008K, used 28030K [0x00000000a0000000, 0x00000000a6880000, 0x00000000e0000000)
  object space 107008K, 26% used [0x00000000a0000000,0x00000000a1b5fa90,0x00000000a6880000)
 Metaspace       used 57511K, capacity 59120K, committed 59160K, reserved 1099776K
  class space    used 7652K, capacity 8041K, committed 8064K, reserved 1048576K
Event: 32.120 GC heap after
Heap after GC invocations=13 (full 3):
 PSYoungGen      total 167936K, used 0K [0x00000000e0000000, 0x00000000ec800000, 0x0000000100000000)
  eden space 147968K, 0% used [0x00000000e0000000,0x00000000e0000000,0x00000000e9080000)
  from space 19968K, 0% used [0x00000000ea800000,0x00000000ea800000,0x00000000ebb80000)
  to   space 24064K, 0% used [0x00000000e9080000,0x00000000e9080000,0x00000000ea800000)
 ParOldGen       total 165376K, used 38345K [0x00000000a0000000, 0x00000000aa180000, 0x00000000e0000000)
  object space 165376K, 23% used [0x00000000a0000000,0x00000000a2572460,0x00000000aa180000)
 Metaspace       used 57502K, capacity 59090K, committed 59160K, reserved 1099776K
  class space    used 7649K, capacity 8036K, committed 8064K, reserved 1048576K
}
Event: 37.704 GC heap before
{Heap before GC invocations=14 (full 3):
 PSYoungGen      total 167936K, used 147968K [0x00000000e0000000, 0x00000000ec800000, 0x0000000100000000)
  eden space 147968K, 100% used [0x00000000e0000000,0x00000000e9080000,0x00000000e9080000)
  from space 19968K, 0% used [0x00000000ea800000,0x00000000ea800000,0x00000000ebb80000)
  to   space 24064K, 0% used [0x00000000e9080000,0x00000000e9080000,0x00000000ea800000)
 ParOldGen       total 165376K, used 38345K [0x00000000a0000000, 0x00000000aa180000, 0x00000000e0000000)
  object space 165376K, 23% used [0x00000000a0000000,0x00000000a2572460,0x00000000aa180000)
 Metaspace       used 63652K, capacity 65656K, committed 65920K, reserved 1105920K
  class space    used 8539K, capacity 9043K, committed 9088K, reserved 1048576K
Event: 37.736 GC heap after
Heap after GC invocations=14 (full 3):
 PSYoungGen      total 172032K, used 12147K [0x00000000e0000000, 0x00000000edc80000, 0x0000000100000000)
  eden space 147968K, 0% used [0x00000000e0000000,0x00000000e0000000,0x00000000e9080000)
  from space 24064K, 50% used [0x00000000e9080000,0x00000000e9c5cf58,0x00000000ea800000)
  to   space 23040K, 0% used [0x00000000ec600000,0x00000000ec600000,0x00000000edc80000)
 ParOldGen       total 165376K, used 38417K [0x00000000a0000000, 0x00000000aa180000, 0x00000000e0000000)
  object space 165376K, 23% used [0x00000000a0000000,0x00000000a2584470,0x00000000aa180000)
 Metaspace       used 63652K, capacity 65656K, committed 65920K, reserved 1105920K
  class space    used 8539K, capacity 9043K, committed 9088K, reserved 1048576K
}

