# JRE version: OpenJDK Runtime Environment (8.0_202-b03) (build 1.8.0_202-release-1483-b03)
# Java VM: OpenJDK 64-Bit Server VM (25.202-b03 mixed mode windows-amd64 compressed oops)
Heap:
 PSYoungGen      total 147456K, used 79631K [0x00000000e0000000, 0x00000000ec200000, 0x0000000100000000)
  eden space 132608K, 48% used [0x00000000e0000000,0x00000000e3f45bd0,0x00000000e8180000)
  from space 14848K, 99% used [0x00000000e8180000,0x00000000e8ffe1c0,0x00000000e9000000)
  to   space 19968K, 0% used [0x00000000eae80000,0x00000000eae80000,0x00000000ec200000)
 ParOldGen       total 94720K, used 29773K [0x00000000a0000000, 0x00000000a5c80000, 0x00000000e0000000)
  object space 94720K, 31% used [0x00000000a0000000,0x00000000a1d13790,0x00000000a5c80000)
 Metaspace       used 57395K, capacity 59064K, committed 59096K, reserved 1099776K
  class space    used 7763K, capacity 8178K, committed 8192K, reserved 1048576K
GC Heap History (10 events):
Event: 6.289 GC heap before
{Heap before GC invocations=9 (full 1):
 PSYoungGen      total 77312K, used 74193K [0x00000000e0000000, 0x00000000e7a00000, 0x0000000100000000)
  eden space 66560K, 100% used [0x00000000e0000000,0x00000000e4100000,0x00000000e4100000)
  from space 10752K, 70% used [0x00000000e4100000,0x00000000e4874660,0x00000000e4b80000)
  to   space 10752K, 0% used [0x00000000e6f80000,0x00000000e6f80000,0x00000000e7a00000)
 ParOldGen       total 61440K, used 9313K [0x00000000a0000000, 0x00000000a3c00000, 0x00000000e0000000)
  object space 61440K, 15% used [0x00000000a0000000,0x00000000a0918708,0x00000000a3c00000)
 Metaspace       used 32487K, capacity 33278K, committed 33408K, reserved 1077248K
  class space    used 4448K, capacity 4680K, committed 4736K, reserved 1048576K
Event: 6.307 GC heap after
Heap after GC invocations=9 (full 1):
 PSYoungGen      total 112128K, used 9425K [0x00000000e0000000, 0x00000000e7980000, 0x0000000100000000)
  eden space 101888K, 0% used [0x00000000e0000000,0x00000000e0000000,0x00000000e6380000)
  from space 10240K, 92% used [0x00000000e6f80000,0x00000000e78b44c0,0x00000000e7980000)
  to   space 11264K, 0% used [0x00000000e6380000,0x00000000e6380000,0x00000000e6e80000)
 ParOldGen       total 61440K, used 9321K [0x00000000a0000000, 0x00000000a3c00000, 0x00000000e0000000)
  object space 61440K, 15% used [0x00000000a0000000,0x00000000a091a708,0x00000000a3c00000)
 Metaspace       used 32487K, capacity 33278K, committed 33408K, reserved 1077248K
  class space    used 4448K, capacity 4680K, committed 4736K, reserved 1048576K
}
Event: 7.187 GC heap before
{Heap before GC invocations=10 (full 1):
 PSYoungGen      total 112128K, used 58262K [0x00000000e0000000, 0x00000000e7980000, 0x0000000100000000)
  eden space 101888K, 47% used [0x00000000e0000000,0x00000000e2fb1680,0x00000000e6380000)
  from space 10240K, 92% used [0x00000000e6f80000,0x00000000e78b44c0,0x00000000e7980000)
  to   space 11264K, 0% used [0x00000000e6380000,0x00000000e6380000,0x00000000e6e80000)
 ParOldGen       total 61440K, used 9321K [0x00000000a0000000, 0x00000000a3c00000, 0x00000000e0000000)
  object space 61440K, 15% used [0x00000000a0000000,0x00000000a091a708,0x00000000a3c00000)
 Metaspace       used 34623K, capacity 35362K, committed 35456K, reserved 1079296K
  class space    used 4791K, capacity 4989K, committed 4992K, reserved 1048576K
Event: 7.217 GC heap after
Heap after GC invocations=10 (full 1):
 PSYoungGen      total 113152K, used 10661K [0x00000000e0000000, 0x00000000e9e80000, 0x0000000100000000)
  eden space 101888K, 0% used [0x00000000e0000000,0x00000000e0000000,0x00000000e6380000)
  from space 11264K, 94% used [0x00000000e6380000,0x00000000e6de9548,0x00000000e6e80000)
  to   space 12288K, 0% used [0x00000000e9280000,0x00000000e9280000,0x00000000e9e80000)
 ParOldGen       total 61440K, used 9329K [0x00000000a0000000, 0x00000000a3c00000, 0x00000000e0000000)
  object space 61440K, 15% used [0x00000000a0000000,0x00000000a091c708,0x00000000a3c00000)
 Metaspace       used 34623K, capacity 35362K, committed 35456K, reserved 1079296K
  class space    used 4791K, capacity 4989K, committed 4992K, reserved 1048576K
}
Event: 7.217 GC heap before
{Heap before GC invocations=11 (full 2):
 PSYoungGen      total 113152K, used 10661K [0x00000000e0000000, 0x00000000e9e80000, 0x0000000100000000)
  eden space 101888K, 0% used [0x00000000e0000000,0x00000000e0000000,0x00000000e6380000)
  from space 11264K, 94% used [0x00000000e6380000,0x00000000e6de9548,0x00000000e6e80000)
  to   space 12288K, 0% used [0x00000000e9280000,0x00000000e9280000,0x00000000e9e80000)
 ParOldGen       total 61440K, used 9329K [0x00000000a0000000, 0x00000000a3c00000, 0x00000000e0000000)
  object space 61440K, 15% used [0x00000000a0000000,0x00000000a091c708,0x00000000a3c00000)
 Metaspace       used 34623K, capacity 35362K, committed 35456K, reserved 1079296K
  class space    used 4791K, capacity 4989K, committed 4992K, reserved 1048576K
Event: 7.309 GC heap after
Heap after GC invocations=11 (full 2):
 PSYoungGen      total 113152K, used 0K [0x00000000e0000000, 0x00000000e9e80000, 0x0000000100000000)
  eden space 101888K, 0% used [0x00000000e0000000,0x00000000e0000000,0x00000000e6380000)
  from space 11264K, 0% used [0x00000000e6380000,0x00000000e6380000,0x00000000e6e80000)
  to   space 12288K, 0% used [0x00000000e9280000,0x00000000e9280000,0x00000000e9e80000)
 ParOldGen       total 94720K, used 18207K [0x00000000a0000000, 0x00000000a5c80000, 0x00000000e0000000)
  object space 94720K, 19% used [0x00000000a0000000,0x00000000a11c7f30,0x00000000a5c80000)
 Metaspace       used 34623K, capacity 35362K, committed 35456K, reserved 1079296K
  class space    used 4791K, capacity 4989K, committed 4992K, reserved 1048576K
}
Event: 14.552 GC heap before
{Heap before GC invocations=12 (full 2):
 PSYoungGen      total 113152K, used 101888K [0x00000000e0000000, 0x00000000e9e80000, 0x0000000100000000)
  eden space 101888K, 100% used [0x00000000e0000000,0x00000000e6380000,0x00000000e6380000)
  from space 11264K, 0% used [0x00000000e6380000,0x00000000e6380000,0x00000000e6e80000)
  to   space 12288K, 0% used [0x00000000e9280000,0x00000000e9280000,0x00000000e9e80000)
 ParOldGen       total 94720K, used 18207K [0x00000000a0000000, 0x00000000a5c80000, 0x00000000e0000000)
  object space 94720K, 19% used [0x00000000a0000000,0x00000000a11c7f30,0x00000000a5c80000)
 Metaspace       used 43488K, capacity 44668K, committed 44928K, reserved 1087488K
  class space    used 5896K, capacity 6198K, committed 6272K, reserved 1048576K
Event: 14.573 GC heap after
Heap after GC invocations=12 (full 2):
 PSYoungGen      total 140288K, used 12287K [0x00000000e0000000, 0x00000000e9e80000, 0x0000000100000000)
  eden space 128000K, 0% used [0x00000000e0000000,0x00000000e0000000,0x00000000e7d00000)
  from space 12288K, 99% used [0x00000000e9280000,0x00000000e9e7fdb0,0x00000000e9e80000)
  to   space 14848K, 0% used [0x00000000e8180000,0x00000000e8180000,0x00000000e9000000)
 ParOldGen       total 94720K, used 21148K [0x00000000a0000000, 0x00000000a5c80000, 0x00000000e0000000)
  object space 94720K, 22% used [0x00000000a0000000,0x00000000a14a71d8,0x00000000a5c80000)
 Metaspace       used 43488K, capacity 44668K, committed 44928K, reserved 1087488K
  class space    used 5896K, capacity 6198K, committed 6272K, reserved 1048576K
}
Event: 17.308 GC heap before
{Heap before GC invocations=13 (full 2):
 PSYoungGen      total 140288K, used 140287K [0x00000000e0000000, 0x00000000e9e80000, 0x0000000100000000)
  eden space 128000K, 100% used [0x00000000e0000000,0x00000000e7d00000,0x00000000e7d00000)
  from space 12288K, 99% used [0x00000000e9280000,0x00000000e9e7fdb0,0x00000000e9e80000)
  to   space 14848K, 0% used [0x00000000e8180000,0x00000000e8180000,0x00000000e9000000)
 ParOldGen       total 94720K, used 21148K [0x00000000a0000000, 0x00000000a5c80000, 0x00000000e0000000)
  object space 94720K, 22% used [0x00000000a0000000,0x00000000a14a71d8,0x00000000a5c80000)
 Metaspace       used 53087K, capacity 54684K, committed 54784K, reserved 1095680K
  class space    used 7198K, capacity 7617K, committed 7680K, reserved 1048576K
Event: 17.334 GC heap after
Heap after GC invocations=13 (full 2):
 PSYoungGen      total 147456K, used 14840K [0x00000000e0000000, 0x00000000ec200000, 0x0000000100000000)
  eden space 132608K, 0% used [0x00000000e0000000,0x00000000e0000000,0x00000000e8180000)
  from space 14848K, 99% used [0x00000000e8180000,0x00000000e8ffe1c0,0x00000000e9000000)
  to   space 19968K, 0% used [0x00000000eae80000,0x00000000eae80000,0x00000000ec200000)
 ParOldGen       total 94720K, used 29773K [0x00000000a0000000, 0x00000000a5c80000, 0x00000000e0000000)
  object space 94720K, 31% used [0x00000000a0000000,0x00000000a1d13790,0x00000000a5c80000)
 Metaspace       used 53087K, capacity 54684K, committed 54784K, reserved 1095680K
  class space    used 7198K, capacity 7617K, committed 7680K, reserved 1048576K
}

