# JRE version: OpenJDK Runtime Environment (8.0_202-b03) (build 1.8.0_202-release-1483-b03)
# Java VM: OpenJDK 64-Bit Server VM (25.202-b03 mixed mode windows-amd64 compressed oops)
Heap:
 PSYoungGen      total 98304K, used 54651K [0x00000000e0000000, 0x00000000e8980000, 0x0000000100000000)
  eden space 88064K, 62% used [0x00000000e0000000,0x00000000e355eff0,0x00000000e5600000)
  from space 10240K, 0% used [0x00000000e5600000,0x00000000e5600000,0x00000000e6000000)
  to   space 10240K, 0% used [0x00000000e7f80000,0x00000000e7f80000,0x00000000e8980000)
 ParOldGen       total 124928K, used 35139K [0x00000000a0000000, 0x00000000a7a00000, 0x00000000e0000000)
  object space 124928K, 28% used [0x00000000a0000000,0x00000000a2250f50,0x00000000a7a00000)
 Metaspace       used 59838K, capacity 61558K, committed 61784K, reserved 1101824K
  class space    used 8088K, capacity 8538K, committed 8576K, reserved 1048576K
GC Heap History (10 events):
Event: 34.231 GC heap before
{Heap before GC invocations=14 (full 2):
 PSYoungGen      total 59392K, used 50176K [0x00000000e0000000, 0x00000000e5980000, 0x0000000100000000)
  eden space 50176K, 100% used [0x00000000e0000000,0x00000000e3100000,0x00000000e3100000)
  from space 9216K, 0% used [0x00000000e3100000,0x00000000e3100000,0x00000000e3a00000)
  to   space 9216K, 0% used [0x00000000e5080000,0x00000000e5080000,0x00000000e5980000)
 ParOldGen       total 83968K, used 19400K [0x00000000a0000000, 0x00000000a5200000, 0x00000000e0000000)
  object space 83968K, 23% used [0x00000000a0000000,0x00000000a12f2010,0x00000000a5200000)
 Metaspace       used 41246K, capacity 42120K, committed 42456K, reserved 1085440K
  class space    used 5585K, capacity 5870K, committed 5888K, reserved 1048576K
Event: 34.249 GC heap after
Heap after GC invocations=14 (full 2):
 PSYoungGen      total 73728K, used 6714K [0x00000000e0000000, 0x00000000e5780000, 0x0000000100000000)
  eden space 66560K, 0% used [0x00000000e0000000,0x00000000e0000000,0x00000000e4100000)
  from space 7168K, 93% used [0x00000000e5080000,0x00000000e570eac8,0x00000000e5780000)
  to   space 9216K, 0% used [0x00000000e4580000,0x00000000e4580000,0x00000000e4e80000)
 ParOldGen       total 83968K, used 19408K [0x00000000a0000000, 0x00000000a5200000, 0x00000000e0000000)
  object space 83968K, 23% used [0x00000000a0000000,0x00000000a12f4010,0x00000000a5200000)
 Metaspace       used 41246K, capacity 42120K, committed 42456K, reserved 1085440K
  class space    used 5585K, capacity 5870K, committed 5888K, reserved 1048576K
}
Event: 35.935 GC heap before
{Heap before GC invocations=15 (full 2):
 PSYoungGen      total 73728K, used 73274K [0x00000000e0000000, 0x00000000e5780000, 0x0000000100000000)
  eden space 66560K, 100% used [0x00000000e0000000,0x00000000e4100000,0x00000000e4100000)
  from space 7168K, 93% used [0x00000000e5080000,0x00000000e570eac8,0x00000000e5780000)
  to   space 9216K, 0% used [0x00000000e4580000,0x00000000e4580000,0x00000000e4e80000)
 ParOldGen       total 83968K, used 19408K [0x00000000a0000000, 0x00000000a5200000, 0x00000000e0000000)
  object space 83968K, 23% used [0x00000000a0000000,0x00000000a12f4010,0x00000000a5200000)
 Metaspace       used 45946K, capacity 46852K, committed 47192K, reserved 1089536K
  class space    used 6165K, capacity 6452K, committed 6528K, reserved 1048576K
Event: 35.949 GC heap after
Heap after GC invocations=15 (full 2):
 PSYoungGen      total 80384K, used 9115K [0x00000000e0000000, 0x00000000e6a00000, 0x0000000100000000)
  eden space 71168K, 0% used [0x00000000e0000000,0x00000000e0000000,0x00000000e4580000)
  from space 9216K, 98% used [0x00000000e4580000,0x00000000e4e66e20,0x00000000e4e80000)
  to   space 10240K, 0% used [0x00000000e6000000,0x00000000e6000000,0x00000000e6a00000)
 ParOldGen       total 83968K, used 21179K [0x00000000a0000000, 0x00000000a5200000, 0x00000000e0000000)
  object space 83968K, 25% used [0x00000000a0000000,0x00000000a14aef20,0x00000000a5200000)
 Metaspace       used 45946K, capacity 46852K, committed 47192K, reserved 1089536K
  class space    used 6165K, capacity 6452K, committed 6528K, reserved 1048576K
}
Event: 37.711 GC heap before
{Heap before GC invocations=16 (full 2):
 PSYoungGen      total 80384K, used 80283K [0x00000000e0000000, 0x00000000e6a00000, 0x0000000100000000)
  eden space 71168K, 100% used [0x00000000e0000000,0x00000000e4580000,0x00000000e4580000)
  from space 9216K, 98% used [0x00000000e4580000,0x00000000e4e66e20,0x00000000e4e80000)
  to   space 10240K, 0% used [0x00000000e6000000,0x00000000e6000000,0x00000000e6a00000)
 ParOldGen       total 83968K, used 21179K [0x00000000a0000000, 0x00000000a5200000, 0x00000000e0000000)
  object space 83968K, 25% used [0x00000000a0000000,0x00000000a14aef20,0x00000000a5200000)
 Metaspace       used 51363K, capacity 52642K, committed 52824K, reserved 1095680K
  class space    used 6914K, capacity 7248K, committed 7296K, reserved 1048576K
Event: 37.724 GC heap after
Heap after GC invocations=16 (full 2):
 PSYoungGen      total 98304K, used 7703K [0x00000000e0000000, 0x00000000e7000000, 0x0000000100000000)
  eden space 88064K, 0% used [0x00000000e0000000,0x00000000e0000000,0x00000000e5600000)
  from space 10240K, 75% used [0x00000000e6000000,0x00000000e6785e58,0x00000000e6a00000)
  to   space 10240K, 0% used [0x00000000e5600000,0x00000000e5600000,0x00000000e6000000)
 ParOldGen       total 83968K, used 26626K [0x00000000a0000000, 0x00000000a5200000, 0x00000000e0000000)
  object space 83968K, 31% used [0x00000000a0000000,0x00000000a1a00898,0x00000000a5200000)
 Metaspace       used 51363K, capacity 52642K, committed 52824K, reserved 1095680K
  class space    used 6914K, capacity 7248K, committed 7296K, reserved 1048576K
}
Event: 40.076 GC heap before
{Heap before GC invocations=17 (full 2):
 PSYoungGen      total 98304K, used 81716K [0x00000000e0000000, 0x00000000e7000000, 0x0000000100000000)
  eden space 88064K, 84% used [0x00000000e0000000,0x00000000e48471a8,0x00000000e5600000)
  from space 10240K, 75% used [0x00000000e6000000,0x00000000e6785e58,0x00000000e6a00000)
  to   space 10240K, 0% used [0x00000000e5600000,0x00000000e5600000,0x00000000e6000000)
 ParOldGen       total 83968K, used 26626K [0x00000000a0000000, 0x00000000a5200000, 0x00000000e0000000)
  object space 83968K, 31% used [0x00000000a0000000,0x00000000a1a00898,0x00000000a5200000)
 Metaspace       used 57449K, capacity 58966K, committed 59028K, reserved 1099776K
  class space    used 7765K, capacity 8172K, committed 8192K, reserved 1048576K
Event: 40.116 GC heap after
Heap after GC invocations=17 (full 2):
 PSYoungGen      total 98304K, used 8007K [0x00000000e0000000, 0x00000000e8980000, 0x0000000100000000)
  eden space 88064K, 0% used [0x00000000e0000000,0x00000000e0000000,0x00000000e5600000)
  from space 10240K, 78% used [0x00000000e5600000,0x00000000e5dd1c00,0x00000000e6000000)
  to   space 10240K, 0% used [0x00000000e7f80000,0x00000000e7f80000,0x00000000e8980000)
 ParOldGen       total 83968K, used 29650K [0x00000000a0000000, 0x00000000a5200000, 0x00000000e0000000)
  object space 83968K, 35% used [0x00000000a0000000,0x00000000a1cf48a8,0x00000000a5200000)
 Metaspace       used 57449K, capacity 58966K, committed 59028K, reserved 1099776K
  class space    used 7765K, capacity 8172K, committed 8192K, reserved 1048576K
}
Event: 40.116 GC heap before
{Heap before GC invocations=18 (full 3):
 PSYoungGen      total 98304K, used 8007K [0x00000000e0000000, 0x00000000e8980000, 0x0000000100000000)
  eden space 88064K, 0% used [0x00000000e0000000,0x00000000e0000000,0x00000000e5600000)
  from space 10240K, 78% used [0x00000000e5600000,0x00000000e5dd1c00,0x00000000e6000000)
  to   space 10240K, 0% used [0x00000000e7f80000,0x00000000e7f80000,0x00000000e8980000)
 ParOldGen       total 83968K, used 29650K [0x00000000a0000000, 0x00000000a5200000, 0x00000000e0000000)
  object space 83968K, 35% used [0x00000000a0000000,0x00000000a1cf48a8,0x00000000a5200000)
 Metaspace       used 57449K, capacity 58966K, committed 59028K, reserved 1099776K
  class space    used 7765K, capacity 8172K, committed 8192K, reserved 1048576K
Event: 40.547 GC heap after
Heap after GC invocations=18 (full 3):
 PSYoungGen      total 98304K, used 0K [0x00000000e0000000, 0x00000000e8980000, 0x0000000100000000)
  eden space 88064K, 0% used [0x00000000e0000000,0x00000000e0000000,0x00000000e5600000)
  from space 10240K, 0% used [0x00000000e5600000,0x00000000e5600000,0x00000000e6000000)
  to   space 10240K, 0% used [0x00000000e7f80000,0x00000000e7f80000,0x00000000e8980000)
 ParOldGen       total 124928K, used 35139K [0x00000000a0000000, 0x00000000a7a00000, 0x00000000e0000000)
  object space 124928K, 28% used [0x00000000a0000000,0x00000000a2250f50,0x00000000a7a00000)
 Metaspace       used 57449K, capacity 58966K, committed 59028K, reserved 1099776K
  class space    used 7765K, capacity 8172K, committed 8192K, reserved 1048576K
}

