# JRE version: OpenJDK Runtime Environment (8.0_202-b03) (build 1.8.0_202-release-1483-b03)
# Java VM: OpenJDK 64-Bit Server VM (25.202-b03 mixed mode windows-amd64 compressed oops)
Heap:
 PSYoungGen      total 63488K, used 45744K [0x00000000e0000000, 0x00000000e5680000, 0x0000000100000000)
  eden space 59904K, 76% used [0x00000000e0000000,0x00000000e2cac290,0x00000000e3a80000)
  from space 3584K, 0% used [0x00000000e3a80000,0x00000000e3a80000,0x00000000e3e00000)
  to   space 14336K, 0% used [0x00000000e4880000,0x00000000e4880000,0x00000000e5680000)
 ParOldGen       total 104960K, used 41340K [0x00000000a0000000, 0x00000000a6680000, 0x00000000e0000000)
  object space 104960K, 39% used [0x00000000a0000000,0x00000000a285f290,0x00000000a6680000)
 Metaspace       used 70186K, capacity 72352K, committed 72536K, reserved 1112064K
  class space    used 9094K, capacity 9582K, committed 9600K, reserved 1048576K
GC Heap History (10 events):
Event: 10873.865 GC heap before
{Heap before GC invocations=42 (full 4):
 PSYoungGen      total 56832K, used 52722K [0x00000000e0000000, 0x00000000e5000000, 0x0000000100000000)
  eden space 43008K, 99% used [0x00000000e0000000,0x00000000e29c8a08,0x00000000e2a00000)
  from space 13824K, 71% used [0x00000000e2a00000,0x00000000e33b4030,0x00000000e3780000)
  to   space 14848K, 0% used [0x00000000e4180000,0x00000000e4180000,0x00000000e5000000)
 ParOldGen       total 104960K, used 56069K [0x00000000a0000000, 0x00000000a6680000, 0x00000000e0000000)
  object space 104960K, 53% used [0x00000000a0000000,0x00000000a36c1710,0x00000000a6680000)
 Metaspace       used 67171K, capacity 68994K, committed 69464K, reserved 1110016K
  class space    used 8699K, capacity 9158K, committed 9344K, reserved 1048576K
Event: 10873.891 GC heap after
Heap after GC invocations=42 (full 4):
 PSYoungGen      total 65536K, used 12387K [0x00000000e0000000, 0x00000000e5280000, 0x0000000100000000)
  eden space 50688K, 0% used [0x00000000e0000000,0x00000000e0000000,0x00000000e3180000)
  from space 14848K, 83% used [0x00000000e4180000,0x00000000e4d98c38,0x00000000e5000000)
  to   space 16384K, 0% used [0x00000000e3180000,0x00000000e3180000,0x00000000e4180000)
 ParOldGen       total 104960K, used 64929K [0x00000000a0000000, 0x00000000a6680000, 0x00000000e0000000)
  object space 104960K, 61% used [0x00000000a0000000,0x00000000a3f687e0,0x00000000a6680000)
 Metaspace       used 67171K, capacity 68994K, committed 69464K, reserved 1110016K
  class space    used 8699K, capacity 9158K, committed 9344K, reserved 1048576K
}
Event: 10881.814 GC heap before
{Heap before GC invocations=43 (full 4):
 PSYoungGen      total 65536K, used 63075K [0x00000000e0000000, 0x00000000e5280000, 0x0000000100000000)
  eden space 50688K, 100% used [0x00000000e0000000,0x00000000e3180000,0x00000000e3180000)
  from space 14848K, 83% used [0x00000000e4180000,0x00000000e4d98c38,0x00000000e5000000)
  to   space 16384K, 0% used [0x00000000e3180000,0x00000000e3180000,0x00000000e4180000)
 ParOldGen       total 104960K, used 64929K [0x00000000a0000000, 0x00000000a6680000, 0x00000000e0000000)
  object space 104960K, 61% used [0x00000000a0000000,0x00000000a3f687e0,0x00000000a6680000)
 Metaspace       used 68802K, capacity 70726K, committed 71128K, reserved 1112064K
  class space    used 8938K, capacity 9400K, committed 9472K, reserved 1048576K
Event: 10881.857 GC heap after
Heap after GC invocations=43 (full 4):
 PSYoungGen      total 67072K, used 5202K [0x00000000e0000000, 0x00000000e5980000, 0x0000000100000000)
  eden space 50688K, 0% used [0x00000000e0000000,0x00000000e0000000,0x00000000e3180000)
  from space 16384K, 31% used [0x00000000e3180000,0x00000000e36949a0,0x00000000e4180000)
  to   space 15360K, 0% used [0x00000000e4a80000,0x00000000e4a80000,0x00000000e5980000)
 ParOldGen       total 104960K, used 67550K [0x00000000a0000000, 0x00000000a6680000, 0x00000000e0000000)
  object space 104960K, 64% used [0x00000000a0000000,0x00000000a41f7810,0x00000000a6680000)
 Metaspace       used 68802K, capacity 70726K, committed 71128K, reserved 1112064K
  class space    used 8938K, capacity 9400K, committed 9472K, reserved 1048576K
}
Event: 10943.541 GC heap before
{Heap before GC invocations=44 (full 4):
 PSYoungGen      total 67072K, used 55890K [0x00000000e0000000, 0x00000000e5980000, 0x0000000100000000)
  eden space 50688K, 100% used [0x00000000e0000000,0x00000000e3180000,0x00000000e3180000)
  from space 16384K, 31% used [0x00000000e3180000,0x00000000e36949a0,0x00000000e4180000)
  to   space 15360K, 0% used [0x00000000e4a80000,0x00000000e4a80000,0x00000000e5980000)
 ParOldGen       total 104960K, used 67550K [0x00000000a0000000, 0x00000000a6680000, 0x00000000e0000000)
  object space 104960K, 64% used [0x00000000a0000000,0x00000000a41f7810,0x00000000a6680000)
 Metaspace       used 69713K, capacity 71828K, committed 72024K, reserved 1112064K
  class space    used 9065K, capacity 9560K, committed 9600K, reserved 1048576K
Event: 10943.554 GC heap after
Heap after GC invocations=44 (full 4):
 PSYoungGen      total 73216K, used 4084K [0x00000000e0000000, 0x00000000e5780000, 0x0000000100000000)
  eden space 59904K, 0% used [0x00000000e0000000,0x00000000e0000000,0x00000000e3a80000)
  from space 13312K, 30% used [0x00000000e4a80000,0x00000000e4e7d100,0x00000000e5780000)
  to   space 14848K, 0% used [0x00000000e3a80000,0x00000000e3a80000,0x00000000e4900000)
 ParOldGen       total 104960K, used 70705K [0x00000000a0000000, 0x00000000a6680000, 0x00000000e0000000)
  object space 104960K, 67% used [0x00000000a0000000,0x00000000a450c720,0x00000000a6680000)
 Metaspace       used 69713K, capacity 71828K, committed 72024K, reserved 1112064K
  class space    used 9065K, capacity 9560K, committed 9600K, reserved 1048576K
}
Event: 10946.105 GC heap before
{Heap before GC invocations=45 (full 4):
 PSYoungGen      total 73216K, used 34482K [0x00000000e0000000, 0x00000000e5780000, 0x0000000100000000)
  eden space 59904K, 50% used [0x00000000e0000000,0x00000000e1daf998,0x00000000e3a80000)
  from space 13312K, 30% used [0x00000000e4a80000,0x00000000e4e7d100,0x00000000e5780000)
  to   space 14848K, 0% used [0x00000000e3a80000,0x00000000e3a80000,0x00000000e4900000)
 ParOldGen       total 104960K, used 70705K [0x00000000a0000000, 0x00000000a6680000, 0x00000000e0000000)
  object space 104960K, 67% used [0x00000000a0000000,0x00000000a450c720,0x00000000a6680000)
 Metaspace       used 70034K, capacity 72210K, committed 72280K, reserved 1112064K
  class space    used 9082K, capacity 9569K, committed 9600K, reserved 1048576K
Event: 10946.125 GC heap after
Heap after GC invocations=45 (full 4):
 PSYoungGen      total 63488K, used 3456K [0x00000000e0000000, 0x00000000e5680000, 0x0000000100000000)
  eden space 59904K, 0% used [0x00000000e0000000,0x00000000e0000000,0x00000000e3a80000)
  from space 3584K, 96% used [0x00000000e3a80000,0x00000000e3de0000,0x00000000e3e00000)
  to   space 14336K, 0% used [0x00000000e4880000,0x00000000e4880000,0x00000000e5680000)
 ParOldGen       total 104960K, used 73674K [0x00000000a0000000, 0x00000000a6680000, 0x00000000e0000000)
  object space 104960K, 70% used [0x00000000a0000000,0x00000000a47f28d0,0x00000000a6680000)
 Metaspace       used 70034K, capacity 72210K, committed 72280K, reserved 1112064K
  class space    used 9082K, capacity 9569K, committed 9600K, reserved 1048576K
}
Event: 10946.125 GC heap before
{Heap before GC invocations=46 (full 5):
 PSYoungGen      total 63488K, used 3456K [0x00000000e0000000, 0x00000000e5680000, 0x0000000100000000)
  eden space 59904K, 0% used [0x00000000e0000000,0x00000000e0000000,0x00000000e3a80000)
  from space 3584K, 96% used [0x00000000e3a80000,0x00000000e3de0000,0x00000000e3e00000)
  to   space 14336K, 0% used [0x00000000e4880000,0x00000000e4880000,0x00000000e5680000)
 ParOldGen       total 104960K, used 73674K [0x00000000a0000000, 0x00000000a6680000, 0x00000000e0000000)
  object space 104960K, 70% used [0x00000000a0000000,0x00000000a47f28d0,0x00000000a6680000)
 Metaspace       used 70034K, capacity 72210K, committed 72280K, reserved 1112064K
  class space    used 9082K, capacity 9569K, committed 9600K, reserved 1048576K
Event: 10946.613 GC heap after
Heap after GC invocations=46 (full 5):
 PSYoungGen      total 63488K, used 0K [0x00000000e0000000, 0x00000000e5680000, 0x0000000100000000)
  eden space 59904K, 0% used [0x00000000e0000000,0x00000000e0000000,0x00000000e3a80000)
  from space 3584K, 0% used [0x00000000e3a80000,0x00000000e3a80000,0x00000000e3e00000)
  to   space 14336K, 0% used [0x00000000e4880000,0x00000000e4880000,0x00000000e5680000)
 ParOldGen       total 104960K, used 41340K [0x00000000a0000000, 0x00000000a6680000, 0x00000000e0000000)
  object space 104960K, 39% used [0x00000000a0000000,0x00000000a285f290,0x00000000a6680000)
 Metaspace       used 69898K, capacity 72026K, committed 72280K, reserved 1112064K
  class space    used 9062K, capacity 9529K, committed 9600K, reserved 1048576K
}

